17:26:21.262 [main] DEBUG com.intuit.karate.Suite - [config] classpath:karate-config.js
17:26:22.995 [main] INFO  com.intuit.karate - karate.env system property was: null 
17:26:23.043 [main] ERROR com.intuit.karate - classpath:examples/response.feature:9
And header Accept 'application/json'
no step-definition method match found for: header Accept 'application/json'
classpath:examples/response.feature:9
17:27:33.418 [main] DEBUG com.intuit.karate.Suite - [config] classpath:karate-config.js
17:27:34.803 [main] INFO  com.intuit.karate - karate.env system property was: null 
17:27:35.243 [main] DEBUG com.intuit.karate - request:
1 > GET https://simple-books-api.glitch.me/books
1 > Accept: application/json
1 > Host: simple-books-api.glitch.me
1 > Connection: Keep-Alive
1 > User-Agent: Apache-HttpClient/4.5.14 (Java/17.0.11)
1 > Accept-Encoding: gzip,deflate


17:27:36.383 [main] DEBUG com.intuit.karate - response time in milliseconds: 1133
1 < 200
1 < Date: Tue, 06 Aug 2024 11:57:11 GMT
1 < Content-Type: application/json; charset=utf-8
1 < Content-Length: 417
1 < Connection: keep-alive
1 < x-powered-by: Express
1 < etag: W/"1a1-MfqhfTYtZO2sguD1mJq8Vf41WjU"
[{"id":1,"name":"The Russian","type":"fiction","available":true},{"id":2,"name":"Just as I Am","type":"non-fiction","available":false},{"id":3,"name":"The Vanishing Half","type":"fiction","available":true},{"id":4,"name":"The Midnight Library","type":"fiction","available":true},{"id":5,"name":"Untamed","type":"non-fiction","available":true},{"id":6,"name":"Viscount Who Loved Me","type":"fiction","available":true}]

17:27:36.434 [main] INFO  com.intuit.karate - [print] [
  {
    "id": 1,
    "name": "The Russian",
    "type": "fiction",
    "available": true
  },
  {
    "id": 2,
    "name": "Just as I Am",
    "type": "non-fiction",
    "available": false
  },
  {
    "id": 3,
    "name": "The Vanishing Half",
    "type": "fiction",
    "available": true
  },
  {
    "id": 4,
    "name": "The Midnight Library",
    "type": "fiction",
    "available": true
  },
  {
    "id": 5,
    "name": "Untamed",
    "type": "non-fiction",
    "available": true
  },
  {
    "id": 6,
    "name": "Viscount Who Loved Me",
    "type": "fiction",
    "available": true
  }
]
 
17:30:44.501 [main] DEBUG com.intuit.karate.Suite - [config] classpath:karate-config.js
17:30:46.040 [main] INFO  com.intuit.karate - karate.env system property was: null 
17:30:46.413 [main] DEBUG com.intuit.karate - request:
1 > GET https://simple-books-api.glitch.me/books
1 > Accept: application/json
1 > Host: simple-books-api.glitch.me
1 > Connection: Keep-Alive
1 > User-Agent: Apache-HttpClient/4.5.14 (Java/17.0.11)
1 > Accept-Encoding: gzip,deflate


17:30:47.521 [main] DEBUG com.intuit.karate - response time in milliseconds: 1102
1 < 200
1 < Date: Tue, 06 Aug 2024 12:00:22 GMT
1 < Content-Type: application/json; charset=utf-8
1 < Content-Length: 417
1 < Connection: keep-alive
1 < x-powered-by: Express
1 < etag: W/"1a1-MfqhfTYtZO2sguD1mJq8Vf41WjU"
[{"id":1,"name":"The Russian","type":"fiction","available":true},{"id":2,"name":"Just as I Am","type":"non-fiction","available":false},{"id":3,"name":"The Vanishing Half","type":"fiction","available":true},{"id":4,"name":"The Midnight Library","type":"fiction","available":true},{"id":5,"name":"Untamed","type":"non-fiction","available":true},{"id":6,"name":"Viscount Who Loved Me","type":"fiction","available":true}]

17:30:47.572 [main] INFO  com.intuit.karate - [print] [
  {
    "id": 1,
    "name": "The Russian",
    "type": "fiction",
    "available": true
  },
  {
    "id": 2,
    "name": "Just as I Am",
    "type": "non-fiction",
    "available": false
  },
  {
    "id": 3,
    "name": "The Vanishing Half",
    "type": "fiction",
    "available": true
  },
  {
    "id": 4,
    "name": "The Midnight Library",
    "type": "fiction",
    "available": true
  },
  {
    "id": 5,
    "name": "Untamed",
    "type": "non-fiction",
    "available": true
  },
  {
    "id": 6,
    "name": "Viscount Who Loved Me",
    "type": "fiction",
    "available": true
  }
]
 
17:33:02.250 [main] DEBUG com.intuit.karate.Suite - [config] classpath:karate-config.js
17:33:03.571 [main] INFO  com.intuit.karate - karate.env system property was: null 
17:33:03.960 [main] DEBUG com.intuit.karate - request:
1 > GET https://simple-books-api.glitch.me/books
1 > Accept: application/json
1 > Host: simple-books-api.glitch.me
1 > Connection: Keep-Alive
1 > User-Agent: Apache-HttpClient/4.5.14 (Java/17.0.11)
1 > Accept-Encoding: gzip,deflate


17:33:05.070 [main] DEBUG com.intuit.karate - response time in milliseconds: 1105
1 < 200
1 < Date: Tue, 06 Aug 2024 12:02:39 GMT
1 < Content-Type: application/json; charset=utf-8
1 < Content-Length: 417
1 < Connection: keep-alive
1 < x-powered-by: Express
1 < etag: W/"1a1-MfqhfTYtZO2sguD1mJq8Vf41WjU"
[{"id":1,"name":"The Russian","type":"fiction","available":true},{"id":2,"name":"Just as I Am","type":"non-fiction","available":false},{"id":3,"name":"The Vanishing Half","type":"fiction","available":true},{"id":4,"name":"The Midnight Library","type":"fiction","available":true},{"id":5,"name":"Untamed","type":"non-fiction","available":true},{"id":6,"name":"Viscount Who Loved Me","type":"fiction","available":true}]

17:33:05.115 [main] INFO  com.intuit.karate - [print] [
  {
    "id": 1,
    "name": "The Russian",
    "type": "fiction",
    "available": true
  },
  {
    "id": 2,
    "name": "Just as I Am",
    "type": "non-fiction",
    "available": false
  },
  {
    "id": 3,
    "name": "The Vanishing Half",
    "type": "fiction",
    "available": true
  },
  {
    "id": 4,
    "name": "The Midnight Library",
    "type": "fiction",
    "available": true
  },
  {
    "id": 5,
    "name": "Untamed",
    "type": "non-fiction",
    "available": true
  },
  {
    "id": 6,
    "name": "Viscount Who Loved Me",
    "type": "fiction",
    "available": true
  }
]
 
17:33:05.789 [main] INFO  com.intuit.karate - karate.env system property was: null 
17:33:05.798 [main] DEBUG com.intuit.karate - request:
1 > GET https://jsonplaceholder.typicode.com/users
1 > Host: jsonplaceholder.typicode.com
1 > Connection: Keep-Alive
1 > User-Agent: Apache-HttpClient/4.5.14 (Java/17.0.11)
1 > Accept-Encoding: gzip,deflate


17:33:05.992 [main] DEBUG com.intuit.karate - response time in milliseconds: 192
1 < 200
1 < Date: Tue, 06 Aug 2024 12:02:40 GMT
1 < Content-Type: application/json; charset=utf-8
1 < Transfer-Encoding: chunked
1 < Connection: keep-alive
1 < Report-To: {"group":"heroku-nel","max_age":3600,"endpoints":[{"url":"https://nel.heroku.com/reports?ts=1722867929&sid=e11707d5-02a7-43ef-b45e-2cf4d2036f7d&s=F569h2%2BarYz0Pzp4dE3PhFwgf5Xo7iTC29S1KNhIRmk%3D"}]}
1 < Reporting-Endpoints: heroku-nel=https://nel.heroku.com/reports?ts=1722867929&sid=e11707d5-02a7-43ef-b45e-2cf4d2036f7d&s=F569h2%2BarYz0Pzp4dE3PhFwgf5Xo7iTC29S1KNhIRmk%3D
1 < Nel: {"report_to":"heroku-nel","max_age":3600,"success_fraction":0.005,"failure_fraction":0.05,"response_headers":["Via"]}
1 < X-Powered-By: Express
1 < X-Ratelimit-Limit: 1000
1 < X-Ratelimit-Remaining: 999
1 < X-Ratelimit-Reset: 1722867971
1 < Vary: Origin, Accept-Encoding
1 < Access-Control-Allow-Credentials: true
1 < Cache-Control: max-age=43200
1 < Pragma: no-cache
1 < Expires: -1
1 < X-Content-Type-Options: nosniff
1 < Etag: W/"160d-1eMSsxeJRfnVLRBmYJSbCiJZ1qQ"
1 < Via: 1.1 vegur
1 < CF-Cache-Status: HIT
1 < Age: 20175
1 < Server: cloudflare
1 < CF-RAY: 8aeee11d0d5fce76-SIN
1 < alt-svc: h3=":443"; ma=86400
[
  {
    "id": 1,
    "name": "Leanne Graham",
    "username": "Bret",
    "email": "Sincere@april.biz",
    "address": {
      "street": "Kulas Light",
      "suite": "Apt. 556",
      "city": "Gwenborough",
      "zipcode": "92998-3874",
      "geo": {
        "lat": "-37.3159",
        "lng": "81.1496"
      }
    },
    "phone": "1-770-736-8031 x56442",
    "website": "hildegard.org",
    "company": {
      "name": "Romaguera-Crona",
      "catchPhrase": "Multi-layered client-server neural-net",
      "bs": "harness real-time e-markets"
    }
  },
  {
    "id": 2,
    "name": "Ervin Howell",
    "username": "Antonette",
    "email": "Shanna@melissa.tv",
    "address": {
      "street": "Victor Plains",
      "suite": "Suite 879",
      "city": "Wisokyburgh",
      "zipcode": "90566-7771",
      "geo": {
        "lat": "-43.9509",
        "lng": "-34.4618"
      }
    },
    "phone": "010-692-6593 x09125",
    "website": "anastasia.net",
    "company": {
      "name": "Deckow-Crist",
      "catchPhrase": "Proactive didactic contingency",
      "bs": "synergize scalable supply-chains"
    }
  },
  {
    "id": 3,
    "name": "Clementine Bauch",
    "username": "Samantha",
    "email": "Nathan@yesenia.net",
    "address": {
      "street": "Douglas Extension",
      "suite": "Suite 847",
      "city": "McKenziehaven",
      "zipcode": "59590-4157",
      "geo": {
        "lat": "-68.6102",
        "lng": "-47.0653"
      }
    },
    "phone": "1-463-123-4447",
    "website": "ramiro.info",
    "company": {
      "name": "Romaguera-Jacobson",
      "catchPhrase": "Face to face bifurcated interface",
      "bs": "e-enable strategic applications"
    }
  },
  {
    "id": 4,
    "name": "Patricia Lebsack",
    "username": "Karianne",
    "email": "Julianne.OConner@kory.org",
    "address": {
      "street": "Hoeger Mall",
      "suite": "Apt. 692",
      "city": "South Elvis",
      "zipcode": "53919-4257",
      "geo": {
        "lat": "29.4572",
        "lng": "-164.2990"
      }
    },
    "phone": "493-170-9623 x156",
    "website": "kale.biz",
    "company": {
      "name": "Robel-Corkery",
      "catchPhrase": "Multi-tiered zero tolerance productivity",
      "bs": "transition cutting-edge web services"
    }
  },
  {
    "id": 5,
    "name": "Chelsey Dietrich",
    "username": "Kamren",
    "email": "Lucio_Hettinger@annie.ca",
    "address": {
      "street": "Skiles Walks",
      "suite": "Suite 351",
      "city": "Roscoeview",
      "zipcode": "33263",
      "geo": {
        "lat": "-31.8129",
        "lng": "62.5342"
      }
    },
    "phone": "(254)954-1289",
    "website": "demarco.info",
    "company": {
      "name": "Keebler LLC",
      "catchPhrase": "User-centric fault-tolerant solution",
      "bs": "revolutionize end-to-end systems"
    }
  },
  {
    "id": 6,
    "name": "Mrs. Dennis Schulist",
    "username": "Leopoldo_Corkery",
    "email": "Karley_Dach@jasper.info",
    "address": {
      "street": "Norberto Crossing",
      "suite": "Apt. 950",
      "city": "South Christy",
      "zipcode": "23505-1337",
      "geo": {
        "lat": "-71.4197",
        "lng": "71.7478"
      }
    },
    "phone": "1-477-935-8478 x6430",
    "website": "ola.org",
    "company": {
      "name": "Considine-Lockman",
      "catchPhrase": "Synchronised bottom-line interface",
      "bs": "e-enable innovative applications"
    }
  },
  {
    "id": 7,
    "name": "Kurtis Weissnat",
    "username": "Elwyn.Skiles",
    "email": "Telly.Hoeger@billy.biz",
    "address": {
      "street": "Rex Trail",
      "suite": "Suite 280",
      "city": "Howemouth",
      "zipcode": "58804-1099",
      "geo": {
        "lat": "24.8918",
        "lng": "21.8984"
      }
    },
    "phone": "210.067.6132",
    "website": "elvis.io",
    "company": {
      "name": "Johns Group",
      "catchPhrase": "Configurable multimedia task-force",
      "bs": "generate enterprise e-tailers"
    }
  },
  {
    "id": 8,
    "name": "Nicholas Runolfsdottir V",
    "username": "Maxime_Nienow",
    "email": "Sherwood@rosamond.me",
    "address": {
      "street": "Ellsworth Summit",
      "suite": "Suite 729",
      "city": "Aliyaview",
      "zipcode": "45169",
      "geo": {
        "lat": "-14.3990",
        "lng": "-120.7677"
      }
    },
    "phone": "586.493.6943 x140",
    "website": "jacynthe.com",
    "company": {
      "name": "Abernathy Group",
      "catchPhrase": "Implemented secondary concept",
      "bs": "e-enable extensible e-tailers"
    }
  },
  {
    "id": 9,
    "name": "Glenna Reichert",
    "username": "Delphine",
    "email": "Chaim_McDermott@dana.io",
    "address": {
      "street": "Dayna Park",
      "suite": "Suite 449",
      "city": "Bartholomebury",
      "zipcode": "76495-3109",
      "geo": {
        "lat": "24.6463",
        "lng": "-168.8889"
      }
    },
    "phone": "(775)976-6794 x41206",
    "website": "conrad.com",
    "company": {
      "name": "Yost and Sons",
      "catchPhrase": "Switchable contextually-based project",
      "bs": "aggregate real-time technologies"
    }
  },
  {
    "id": 10,
    "name": "Clementina DuBuque",
    "username": "Moriah.Stanton",
    "email": "Rey.Padberg@karina.biz",
    "address": {
      "street": "Kattie Turnpike",
      "suite": "Suite 198",
      "city": "Lebsackbury",
      "zipcode": "31428-2261",
      "geo": {
        "lat": "-38.2386",
        "lng": "57.2232"
      }
    },
    "phone": "024-648-3804",
    "website": "ambrose.net",
    "company": {
      "name": "Hoeger LLC",
      "catchPhrase": "Centralized empowering task-force",
      "bs": "target end-to-end models"
    }
  }
]

17:33:06.008 [main] DEBUG com.intuit.karate - request:
2 > GET https://jsonplaceholder.typicode.com/users/1
2 > Host: jsonplaceholder.typicode.com
2 > Connection: Keep-Alive
2 > User-Agent: Apache-HttpClient/4.5.14 (Java/17.0.11)
2 > Accept-Encoding: gzip,deflate


17:33:06.161 [main] DEBUG com.intuit.karate - response time in milliseconds: 152
2 < 200
2 < Date: Tue, 06 Aug 2024 12:02:40 GMT
2 < Content-Type: application/json; charset=utf-8
2 < Transfer-Encoding: chunked
2 < Connection: keep-alive
2 < Report-To: {"group":"heroku-nel","max_age":3600,"endpoints":[{"url":"https://nel.heroku.com/reports?ts=1718600637&sid=e11707d5-02a7-43ef-b45e-2cf4d2036f7d&s=uB1VlRxHXSI3q%2FXdYYaXf5Nigqtqc49x4273wN5rywg%3D"}]}
2 < Reporting-Endpoints: heroku-nel=https://nel.heroku.com/reports?ts=1718600637&sid=e11707d5-02a7-43ef-b45e-2cf4d2036f7d&s=uB1VlRxHXSI3q%2FXdYYaXf5Nigqtqc49x4273wN5rywg%3D
2 < Nel: {"report_to":"heroku-nel","max_age":3600,"success_fraction":0.005,"failure_fraction":0.05,"response_headers":["Via"]}
2 < X-Powered-By: Express
2 < X-Ratelimit-Limit: 1000
2 < X-Ratelimit-Remaining: 998
2 < X-Ratelimit-Reset: 1718600642
2 < Vary: Origin, Accept-Encoding
2 < Access-Control-Allow-Credentials: true
2 < Cache-Control: max-age=43200
2 < Pragma: no-cache
2 < Expires: -1
2 < X-Content-Type-Options: nosniff
2 < Etag: W/"1fd-+2Y3G3w049iSZtw5t1mzSnunngE"
2 < Via: 1.1 vegur
2 < CF-Cache-Status: HIT
2 < Age: 24950
2 < Server: cloudflare
2 < CF-RAY: 8aeee11e0d844655-SIN
2 < alt-svc: h3=":443"; ma=86400
{
  "id": 1,
  "name": "Leanne Graham",
  "username": "Bret",
  "email": "Sincere@april.biz",
  "address": {
    "street": "Kulas Light",
    "suite": "Apt. 556",
    "city": "Gwenborough",
    "zipcode": "92998-3874",
    "geo": {
      "lat": "-37.3159",
      "lng": "81.1496"
    }
  },
  "phone": "1-770-736-8031 x56442",
  "website": "hildegard.org",
  "company": {
    "name": "Romaguera-Crona",
    "catchPhrase": "Multi-layered client-server neural-net",
    "bs": "harness real-time e-markets"
  }
}

17:33:06.171 [main] INFO  com.intuit.karate - karate.env system property was: null 
17:33:06.321 [main] DEBUG com.intuit.karate - request:
1 > POST https://jsonplaceholder.typicode.com/users
1 > Content-Type: application/json; charset=UTF-8
1 > Content-Length: 160
1 > Host: jsonplaceholder.typicode.com
1 > Connection: Keep-Alive
1 > User-Agent: Apache-HttpClient/4.5.14 (Java/17.0.11)
1 > Accept-Encoding: gzip,deflate
{"name":"Test User","username":"testuser","email":"test@user.com","address":{"street":"Has No Name","suite":"Apt. 123","city":"Electri","zipcode":"54321-6789"}}

17:33:07.215 [main] DEBUG com.intuit.karate - response time in milliseconds: 892
1 < 201
1 < Date: Tue, 06 Aug 2024 12:02:42 GMT
1 < Content-Type: application/json; charset=utf-8
1 < Content-Length: 216
1 < Connection: keep-alive
1 < Report-To: {"group":"heroku-nel","max_age":3600,"endpoints":[{"url":"https://nel.heroku.com/reports?ts=1722945761&sid=e11707d5-02a7-43ef-b45e-2cf4d2036f7d&s=iVARQLMrAv2HAjB2zm586QiBQO12laNL%2FphxVr%2F%2FZ3A%3D"}]}
1 < Reporting-Endpoints: heroku-nel=https://nel.heroku.com/reports?ts=1722945761&sid=e11707d5-02a7-43ef-b45e-2cf4d2036f7d&s=iVARQLMrAv2HAjB2zm586QiBQO12laNL%2FphxVr%2F%2FZ3A%3D
1 < Nel: {"report_to":"heroku-nel","max_age":3600,"success_fraction":0.005,"failure_fraction":0.05,"response_headers":["Via"]}
1 < X-Powered-By: Express
1 < X-Ratelimit-Limit: 1000
1 < X-Ratelimit-Remaining: 999
1 < X-Ratelimit-Reset: 1722945801
1 < Vary: Origin, X-HTTP-Method-Override, Accept-Encoding
1 < Access-Control-Allow-Credentials: true
1 < Cache-Control: no-cache
1 < Pragma: no-cache
1 < Expires: -1
1 < Access-Control-Expose-Headers: Location
1 < Location: https://jsonplaceholder.typicode.com/users/11
1 < X-Content-Type-Options: nosniff
1 < Etag: W/"d8-pYV7+YuMGP2hxHPU9ARrf97ifDA"
1 < Via: 1.1 vegur
1 < CF-Cache-Status: DYNAMIC
1 < Server: cloudflare
1 < CF-RAY: 8aeee11ffa49ce83-SIN
1 < alt-svc: h3=":443"; ma=86400
{
  "name": "Test User",
  "username": "testuser",
  "email": "test@user.com",
  "address": {
    "street": "Has No Name",
    "suite": "Apt. 123",
    "city": "Electri",
    "zipcode": "54321-6789"
  },
  "id": 11
}

17:33:07.220 [main] INFO  com.intuit.karate - [print] created id is:  11 
18:26:04.035 [main] DEBUG com.intuit.karate.Suite - [config] classpath:karate-config.js
18:26:05.443 [main] INFO  com.intuit.karate - karate.env system property was: null 
18:26:05.789 [main] ERROR com.intuit.karate - org.apache.http.client.ClientProtocolException: URI does not specify a valid host name: http:/normal/webapi/all, http call failed after 296 milliseconds for url: http:/normal/webapi/all
18:26:05.790 [main] ERROR com.intuit.karate - classpath:examples/users/testLocalHost.feature:10
When method get
http call failed after 296 milliseconds for url: http:/normal/webapi/all
org.apache.http.client.ClientProtocolException: URI does not specify a valid host name: http:/normal/webapi/all
classpath:examples/users/testLocalHost.feature:10
18:27:49.856 [main] DEBUG com.intuit.karate.Suite - [config] classpath:karate-config.js
18:27:51.267 [main] INFO  com.intuit.karate - karate.env system property was: null 
18:27:51.623 [main] DEBUG com.intuit.karate - request:
1 > GET https://simple-books-api.glitch.me/books
1 > Accept: application/json
1 > Host: simple-books-api.glitch.me
1 > Connection: Keep-Alive
1 > User-Agent: Apache-HttpClient/4.5.14 (Java/17.0.11)
1 > Accept-Encoding: gzip,deflate


18:27:53.309 [main] DEBUG com.intuit.karate - response time in milliseconds: 1682
1 < 200
1 < Date: Tue, 06 Aug 2024 12:57:27 GMT
1 < Content-Type: application/json; charset=utf-8
1 < Content-Length: 417
1 < Connection: keep-alive
1 < x-powered-by: Express
1 < etag: W/"1a1-MfqhfTYtZO2sguD1mJq8Vf41WjU"
[{"id":1,"name":"The Russian","type":"fiction","available":true},{"id":2,"name":"Just as I Am","type":"non-fiction","available":false},{"id":3,"name":"The Vanishing Half","type":"fiction","available":true},{"id":4,"name":"The Midnight Library","type":"fiction","available":true},{"id":5,"name":"Untamed","type":"non-fiction","available":true},{"id":6,"name":"Viscount Who Loved Me","type":"fiction","available":true}]

18:27:53.361 [main] INFO  com.intuit.karate - [print] [
  {
    "id": 1,
    "name": "The Russian",
    "type": "fiction",
    "available": true
  },
  {
    "id": 2,
    "name": "Just as I Am",
    "type": "non-fiction",
    "available": false
  },
  {
    "id": 3,
    "name": "The Vanishing Half",
    "type": "fiction",
    "available": true
  },
  {
    "id": 4,
    "name": "The Midnight Library",
    "type": "fiction",
    "available": true
  },
  {
    "id": 5,
    "name": "Untamed",
    "type": "non-fiction",
    "available": true
  },
  {
    "id": 6,
    "name": "Viscount Who Loved Me",
    "type": "fiction",
    "available": true
  }
]
 
18:31:55.552 [main] DEBUG com.intuit.karate.Suite - [config] classpath:karate-config.js
18:31:57.209 [main] INFO  com.intuit.karate - karate.env system property was: null 
18:31:57.600 [main] DEBUG com.intuit.karate - request:
1 > GET https://simple-books-api.glitch.me/books
1 > Accept: application/json
1 > Host: simple-books-api.glitch.me
1 > Connection: Keep-Alive
1 > User-Agent: Apache-HttpClient/4.5.14 (Java/17.0.11)
1 > Accept-Encoding: gzip,deflate


18:31:58.821 [main] DEBUG com.intuit.karate - response time in milliseconds: 1216
1 < 200
1 < Date: Tue, 06 Aug 2024 13:01:33 GMT
1 < Content-Type: application/json; charset=utf-8
1 < Content-Length: 417
1 < Connection: keep-alive
1 < x-powered-by: Express
1 < etag: W/"1a1-MfqhfTYtZO2sguD1mJq8Vf41WjU"
[{"id":1,"name":"The Russian","type":"fiction","available":true},{"id":2,"name":"Just as I Am","type":"non-fiction","available":false},{"id":3,"name":"The Vanishing Half","type":"fiction","available":true},{"id":4,"name":"The Midnight Library","type":"fiction","available":true},{"id":5,"name":"Untamed","type":"non-fiction","available":true},{"id":6,"name":"Viscount Who Loved Me","type":"fiction","available":true}]

18:31:58.864 [main] INFO  com.intuit.karate - [print] [
  {
    "id": 1,
    "name": "The Russian",
    "type": "fiction",
    "available": true
  },
  {
    "id": 2,
    "name": "Just as I Am",
    "type": "non-fiction",
    "available": false
  },
  {
    "id": 3,
    "name": "The Vanishing Half",
    "type": "fiction",
    "available": true
  },
  {
    "id": 4,
    "name": "The Midnight Library",
    "type": "fiction",
    "available": true
  },
  {
    "id": 5,
    "name": "Untamed",
    "type": "non-fiction",
    "available": true
  },
  {
    "id": 6,
    "name": "Viscount Who Loved Me",
    "type": "fiction",
    "available": true
  }
]
 
18:32:14.915 [main] DEBUG com.intuit.karate.Suite - [config] classpath:karate-config.js
18:32:16.421 [main] INFO  com.intuit.karate - karate.env system property was: null 
18:32:16.788 [main] DEBUG com.intuit.karate - request:
1 > GET https://simple-books-api.glitch.me/books
1 > Accept: application/json
1 > Host: simple-books-api.glitch.me
1 > Connection: Keep-Alive
1 > User-Agent: Apache-HttpClient/4.5.14 (Java/17.0.11)
1 > Accept-Encoding: gzip,deflate


18:32:17.916 [main] DEBUG com.intuit.karate - response time in milliseconds: 1123
1 < 200
1 < Date: Tue, 06 Aug 2024 13:01:52 GMT
1 < Content-Type: application/json; charset=utf-8
1 < Content-Length: 417
1 < Connection: keep-alive
1 < x-powered-by: Express
1 < etag: W/"1a1-MfqhfTYtZO2sguD1mJq8Vf41WjU"
[{"id":1,"name":"The Russian","type":"fiction","available":true},{"id":2,"name":"Just as I Am","type":"non-fiction","available":false},{"id":3,"name":"The Vanishing Half","type":"fiction","available":true},{"id":4,"name":"The Midnight Library","type":"fiction","available":true},{"id":5,"name":"Untamed","type":"non-fiction","available":true},{"id":6,"name":"Viscount Who Loved Me","type":"fiction","available":true}]

18:32:17.960 [main] INFO  com.intuit.karate - [print] [
  {
    "id": 1,
    "name": "The Russian",
    "type": "fiction",
    "available": true
  },
  {
    "id": 2,
    "name": "Just as I Am",
    "type": "non-fiction",
    "available": false
  },
  {
    "id": 3,
    "name": "The Vanishing Half",
    "type": "fiction",
    "available": true
  },
  {
    "id": 4,
    "name": "The Midnight Library",
    "type": "fiction",
    "available": true
  },
  {
    "id": 5,
    "name": "Untamed",
    "type": "non-fiction",
    "available": true
  },
  {
    "id": 6,
    "name": "Viscount Who Loved Me",
    "type": "fiction",
    "available": true
  }
]
 
18:32:43.527 [main] DEBUG com.intuit.karate.Suite - [config] classpath:karate-config.js
18:32:45.038 [main] INFO  com.intuit.karate - karate.env system property was: null 
18:32:45.424 [main] DEBUG com.intuit.karate - request:
1 > GET https://simple-books-api.glitch.me/books
1 > Accept: application/json
1 > Host: simple-books-api.glitch.me
1 > Connection: Keep-Alive
1 > User-Agent: Apache-HttpClient/4.5.14 (Java/17.0.11)
1 > Accept-Encoding: gzip,deflate


18:32:46.543 [main] DEBUG com.intuit.karate - response time in milliseconds: 1112
1 < 200
1 < Date: Tue, 06 Aug 2024 13:02:21 GMT
1 < Content-Type: application/json; charset=utf-8
1 < Content-Length: 417
1 < Connection: keep-alive
1 < x-powered-by: Express
1 < etag: W/"1a1-MfqhfTYtZO2sguD1mJq8Vf41WjU"
[{"id":1,"name":"The Russian","type":"fiction","available":true},{"id":2,"name":"Just as I Am","type":"non-fiction","available":false},{"id":3,"name":"The Vanishing Half","type":"fiction","available":true},{"id":4,"name":"The Midnight Library","type":"fiction","available":true},{"id":5,"name":"Untamed","type":"non-fiction","available":true},{"id":6,"name":"Viscount Who Loved Me","type":"fiction","available":true}]

18:32:46.608 [main] INFO  com.intuit.karate - [print] [
  {
    "id": 1,
    "name": "The Russian",
    "type": "fiction",
    "available": true
  },
  {
    "id": 2,
    "name": "Just as I Am",
    "type": "non-fiction",
    "available": false
  },
  {
    "id": 3,
    "name": "The Vanishing Half",
    "type": "fiction",
    "available": true
  },
  {
    "id": 4,
    "name": "The Midnight Library",
    "type": "fiction",
    "available": true
  },
  {
    "id": 5,
    "name": "Untamed",
    "type": "non-fiction",
    "available": true
  },
  {
    "id": 6,
    "name": "Viscount Who Loved Me",
    "type": "fiction",
    "available": true
  }
]
 
18:33:04.565 [main] DEBUG com.intuit.karate.Suite - [config] classpath:karate-config.js
18:33:05.971 [main] INFO  com.intuit.karate - karate.env system property was: null 
18:33:06.332 [main] DEBUG com.intuit.karate - request:
1 > GET https://simple-books-api.glitch.me/books/2
1 > Accept: application/json
1 > Host: simple-books-api.glitch.me
1 > Connection: Keep-Alive
1 > User-Agent: Apache-HttpClient/4.5.14 (Java/17.0.11)
1 > Accept-Encoding: gzip,deflate


18:33:07.515 [main] DEBUG com.intuit.karate - response time in milliseconds: 1179
1 < 200
1 < Date: Tue, 06 Aug 2024 13:02:42 GMT
1 < Content-Type: application/json; charset=utf-8
1 < Content-Length: 125
1 < Connection: keep-alive
1 < x-powered-by: Express
1 < etag: W/"7d-Ckimjt0oK2HpwoZelYONnQZ4+4w"
{"id":2,"name":"Just as I Am","author":"Cicely Tyson","type":"non-fiction","price":20.33,"current-stock":0,"available":false}

18:33:07.560 [main] INFO  com.intuit.karate - [print] {
  "id": 2,
  "name": "Just as I Am",
  "author": "Cicely Tyson",
  "type": "non-fiction",
  "price": 20.33,
  "current-stock": 0,
  "available": false
}
 
18:33:34.950 [main] DEBUG com.intuit.karate.Suite - [config] classpath:karate-config.js
18:33:36.340 [main] INFO  com.intuit.karate - karate.env system property was: null 
18:33:36.667 [main] DEBUG com.intuit.karate - request:
1 > GET https://simple-books-api.glitch.me/books/6
1 > Accept: application/json
1 > Host: simple-books-api.glitch.me
1 > Connection: Keep-Alive
1 > User-Agent: Apache-HttpClient/4.5.14 (Java/17.0.11)
1 > Accept-Encoding: gzip,deflate


18:33:37.846 [main] DEBUG com.intuit.karate - response time in milliseconds: 1174
1 < 200
1 < Date: Tue, 06 Aug 2024 13:03:12 GMT
1 < Content-Type: application/json; charset=utf-8
1 < Content-Length: 130
1 < Connection: keep-alive
1 < x-powered-by: Express
1 < etag: W/"82-dKEYek9Gf+Rt5INM7zlwqQLV/ZY"
{"id":6,"name":"Viscount Who Loved Me","author":"Julia Quinn","type":"fiction","price":15.6,"current-stock":1021,"available":true}

18:33:37.885 [main] INFO  com.intuit.karate - [print] {
  "id": 6,
  "name": "Viscount Who Loved Me",
  "author": "Julia Quinn",
  "type": "fiction",
  "price": 15.6,
  "current-stock": 1021,
  "available": true
}
 
18:36:27.529 [main] DEBUG com.intuit.karate.Suite - [config] classpath:karate-config.js
18:36:29.040 [main] INFO  com.intuit.karate - karate.env system property was: null 
18:36:29.391 [main] DEBUG com.intuit.karate - request:
1 > GET https://simple-books-api.glitch.me/books/6
1 > Accept: application/json
1 > Host: simple-books-api.glitch.me
1 > Connection: Keep-Alive
1 > User-Agent: Apache-HttpClient/4.5.14 (Java/17.0.11)
1 > Accept-Encoding: gzip,deflate


18:36:30.535 [main] DEBUG com.intuit.karate - response time in milliseconds: 1135
1 < 200
1 < Date: Tue, 06 Aug 2024 13:06:05 GMT
1 < Content-Type: application/json; charset=utf-8
1 < Content-Length: 130
1 < Connection: keep-alive
1 < x-powered-by: Express
1 < etag: W/"82-dKEYek9Gf+Rt5INM7zlwqQLV/ZY"
{"id":6,"name":"Viscount Who Loved Me","author":"Julia Quinn","type":"fiction","price":15.6,"current-stock":1021,"available":true}

18:36:30.609 [main] INFO  com.intuit.karate - [print] {
  "id": 6,
  "name": "Viscount Who Loved Me",
  "author": "Julia Quinn",
  "type": "fiction",
  "price": 15.6,
  "current-stock": 1021,
  "available": true
}
 
18:36:30.635 [main] INFO  com.intuit.karate - karate.env system property was: null 
18:36:30.643 [main] DEBUG com.intuit.karate - request:
1 > GET https://simple-books-api.glitch.me/books/6
1 > Accept: application/xml
1 > Host: simple-books-api.glitch.me
1 > Connection: Keep-Alive
1 > User-Agent: Apache-HttpClient/4.5.14 (Java/17.0.11)
1 > Accept-Encoding: gzip,deflate


18:36:31.317 [main] DEBUG com.intuit.karate - response time in milliseconds: 673
1 < 200
1 < Date: Tue, 06 Aug 2024 13:06:05 GMT
1 < Content-Type: application/json; charset=utf-8
1 < Content-Length: 130
1 < Connection: keep-alive
1 < x-powered-by: Express
1 < etag: W/"82-dKEYek9Gf+Rt5INM7zlwqQLV/ZY"
{"id":6,"name":"Viscount Who Loved Me","author":"Julia Quinn","type":"fiction","price":15.6,"current-stock":1021,"available":true}

18:36:31.319 [main] INFO  com.intuit.karate - [print] {
  "id": 6,
  "name": "Viscount Who Loved Me",
  "author": "Julia Quinn",
  "type": "fiction",
  "price": 15.6,
  "current-stock": 1021,
  "available": true
}
 
18:51:07.612 [main] DEBUG com.intuit.karate.Suite - [config] classpath:karate-config.js
18:51:08.980 [main] INFO  com.intuit.karate - karate.env system property was: null 
18:51:09.393 [main] DEBUG com.intuit.karate - request:
1 > GET https://simple-books-api.glitch.me/books/6
1 > Accept: application/json
1 > Host: simple-books-api.glitch.me
1 > Connection: Keep-Alive
1 > User-Agent: Apache-HttpClient/4.5.14 (Java/17.0.11)
1 > Accept-Encoding: gzip,deflate


18:51:10.493 [main] DEBUG com.intuit.karate - response time in milliseconds: 1096
1 < 200
1 < Date: Tue, 06 Aug 2024 13:20:45 GMT
1 < Content-Type: application/json; charset=utf-8
1 < Content-Length: 130
1 < Connection: keep-alive
1 < x-powered-by: Express
1 < etag: W/"82-dKEYek9Gf+Rt5INM7zlwqQLV/ZY"
{"id":6,"name":"Viscount Who Loved Me","author":"Julia Quinn","type":"fiction","price":15.6,"current-stock":1021,"available":true}

18:51:10.533 [main] INFO  com.intuit.karate - [print] {
  "id": 6,
  "name": "Viscount Who Loved Me",
  "author": "Julia Quinn",
  "type": "fiction",
  "price": 15.6,
  "current-stock": 1021,
  "available": true
}
 
18:51:10.574 [main] ERROR com.intuit.karate - classpath:examples/users/responseMatcher.feature:13
And match response =
"""
{
"id": 6,
"name": "Viscount Who Loved Me",
"author": "Julia Quinn",
"type": "fiction",
"price": 15.6,
"current-stock": 1021,
"available": true
}
"""
syntax error, expected '==' for match
classpath:examples/users/responseMatcher.feature:13
18:52:17.787 [main] DEBUG com.intuit.karate.Suite - [config] classpath:karate-config.js
18:52:19.320 [main] INFO  com.intuit.karate - karate.env system property was: null 
18:52:19.652 [main] DEBUG com.intuit.karate - request:
1 > GET https://simple-books-api.glitch.me/books/6
1 > Accept: application/json
1 > Host: simple-books-api.glitch.me
1 > Connection: Keep-Alive
1 > User-Agent: Apache-HttpClient/4.5.14 (Java/17.0.11)
1 > Accept-Encoding: gzip,deflate


18:52:20.745 [main] DEBUG com.intuit.karate - response time in milliseconds: 1088
1 < 200
1 < Date: Tue, 06 Aug 2024 13:21:55 GMT
1 < Content-Type: application/json; charset=utf-8
1 < Content-Length: 130
1 < Connection: keep-alive
1 < x-powered-by: Express
1 < etag: W/"82-dKEYek9Gf+Rt5INM7zlwqQLV/ZY"
{"id":6,"name":"Viscount Who Loved Me","author":"Julia Quinn","type":"fiction","price":15.6,"current-stock":1021,"available":true}

18:52:20.799 [main] INFO  com.intuit.karate - [print] {
  "id": 6,
  "name": "Viscount Who Loved Me",
  "author": "Julia Quinn",
  "type": "fiction",
  "price": 15.6,
  "current-stock": 1021,
  "available": true
}
 
18:57:36.754 [main] DEBUG com.intuit.karate.Suite - [config] classpath:karate-config.js
18:57:38.160 [main] INFO  com.intuit.karate - karate.env system property was: null 
18:57:38.529 [main] DEBUG com.intuit.karate - request:
1 > GET https://simple-books-api.glitch.me/books/6
1 > Accept: application/json
1 > Host: simple-books-api.glitch.me
1 > Connection: Keep-Alive
1 > User-Agent: Apache-HttpClient/4.5.14 (Java/17.0.11)
1 > Accept-Encoding: gzip,deflate


18:57:39.644 [main] DEBUG com.intuit.karate - response time in milliseconds: 1110
1 < 200
1 < Date: Tue, 06 Aug 2024 13:27:14 GMT
1 < Content-Type: application/json; charset=utf-8
1 < Content-Length: 130
1 < Connection: keep-alive
1 < x-powered-by: Express
1 < etag: W/"82-dKEYek9Gf+Rt5INM7zlwqQLV/ZY"
{"id":6,"name":"Viscount Who Loved Me","author":"Julia Quinn","type":"fiction","price":15.6,"current-stock":1021,"available":true}

18:57:39.696 [main] INFO  com.intuit.karate - [print] {
  "id": 6,
  "name": "Viscount Who Loved Me",
  "author": "Julia Quinn",
  "type": "fiction",
  "price": 15.6,
  "current-stock": 1021,
  "available": true
}
 
18:57:39.756 [main] INFO  com.intuit.karate - karate.env system property was: null 
18:57:39.763 [main] DEBUG com.intuit.karate - request:
1 > GET https://simple-books-api.glitch.me/books/6
1 > Accept: application/json
1 > Host: simple-books-api.glitch.me
1 > Connection: Keep-Alive
1 > User-Agent: Apache-HttpClient/4.5.14 (Java/17.0.11)
1 > Accept-Encoding: gzip,deflate


18:57:40.470 [main] DEBUG com.intuit.karate - response time in milliseconds: 706
1 < 200
1 < Date: Tue, 06 Aug 2024 13:27:15 GMT
1 < Content-Type: application/json; charset=utf-8
1 < Content-Length: 130
1 < Connection: keep-alive
1 < x-powered-by: Express
1 < etag: W/"82-dKEYek9Gf+Rt5INM7zlwqQLV/ZY"
{"id":6,"name":"Viscount Who Loved Me","author":"Julia Quinn","type":"fiction","price":15.6,"current-stock":1021,"available":true}

18:57:40.473 [main] INFO  com.intuit.karate - [print] {
  "id": 6,
  "name": "Viscount Who Loved Me",
  "author": "Julia Quinn",
  "type": "fiction",
  "price": 15.6,
  "current-stock": 1021,
  "available": true
}
 
19:00:27.100 [main] DEBUG com.intuit.karate.Suite - [config] classpath:karate-config.js
19:00:28.554 [main] INFO  com.intuit.karate - karate.env system property was: null 
19:00:28.965 [main] DEBUG com.intuit.karate - request:
1 > GET https://simple-books-api.glitch.me/books/6
1 > Accept: application/json
1 > Host: simple-books-api.glitch.me
1 > Connection: Keep-Alive
1 > User-Agent: Apache-HttpClient/4.5.14 (Java/17.0.11)
1 > Accept-Encoding: gzip,deflate


19:00:30.167 [main] DEBUG com.intuit.karate - response time in milliseconds: 1197
1 < 200
1 < Date: Tue, 06 Aug 2024 13:30:04 GMT
1 < Content-Type: application/json; charset=utf-8
1 < Content-Length: 130
1 < Connection: keep-alive
1 < x-powered-by: Express
1 < etag: W/"82-dKEYek9Gf+Rt5INM7zlwqQLV/ZY"
{"id":6,"name":"Viscount Who Loved Me","author":"Julia Quinn","type":"fiction","price":15.6,"current-stock":1021,"available":true}

19:00:30.207 [main] INFO  com.intuit.karate - [print] {
  "id": 6,
  "name": "Viscount Who Loved Me",
  "author": "Julia Quinn",
  "type": "fiction",
  "price": 15.6,
  "current-stock": 1021,
  "available": true
}
 
19:00:30.254 [main] INFO  com.intuit.karate - karate.env system property was: null 
19:00:30.258 [main] DEBUG com.intuit.karate - request:
1 > GET https://simple-books-api.glitch.me/books/6
1 > Accept: application/json
1 > Host: simple-books-api.glitch.me
1 > Connection: Keep-Alive
1 > User-Agent: Apache-HttpClient/4.5.14 (Java/17.0.11)
1 > Accept-Encoding: gzip,deflate


19:00:31.058 [main] DEBUG com.intuit.karate - response time in milliseconds: 799
1 < 200
1 < Date: Tue, 06 Aug 2024 13:30:05 GMT
1 < Content-Type: application/json; charset=utf-8
1 < Content-Length: 130
1 < Connection: keep-alive
1 < x-powered-by: Express
1 < etag: W/"82-dKEYek9Gf+Rt5INM7zlwqQLV/ZY"
{"id":6,"name":"Viscount Who Loved Me","author":"Julia Quinn","type":"fiction","price":15.6,"current-stock":1021,"available":true}

19:00:31.060 [main] INFO  com.intuit.karate - [print] {
  "id": 6,
  "name": "Viscount Who Loved Me",
  "author": "Julia Quinn",
  "type": "fiction",
  "price": 15.6,
  "current-stock": 1021,
  "available": true
}
 
19:00:31.070 [main] INFO  com.intuit.karate - karate.env system property was: null 
19:00:31.075 [main] DEBUG com.intuit.karate - request:
1 > GET https://simple-books-api.glitch.me/books/6
1 > Accept: application/json
1 > Host: simple-books-api.glitch.me
1 > Connection: Keep-Alive
1 > User-Agent: Apache-HttpClient/4.5.14 (Java/17.0.11)
1 > Accept-Encoding: gzip,deflate


19:00:31.784 [main] DEBUG com.intuit.karate - response time in milliseconds: 709
1 < 200
1 < Date: Tue, 06 Aug 2024 13:30:06 GMT
1 < Content-Type: application/json; charset=utf-8
1 < Content-Length: 130
1 < Connection: keep-alive
1 < x-powered-by: Express
1 < etag: W/"82-dKEYek9Gf+Rt5INM7zlwqQLV/ZY"
{"id":6,"name":"Viscount Who Loved Me","author":"Julia Quinn","type":"fiction","price":15.6,"current-stock":1021,"available":true}

19:00:31.786 [main] INFO  com.intuit.karate - [print] {
  "id": 6,
  "name": "Viscount Who Loved Me",
  "author": "Julia Quinn",
  "type": "fiction",
  "price": 15.6,
  "current-stock": 1021,
  "available": true
}
 
19:00:31.807 [main] ERROR com.intuit.karate - classpath:examples/users/responseMatcher.feature:51
And match response == contains("Julia Quinn")
js failed:
>>>>
01: contains("Julia Quinn")
<<<<
org.graalvm.polyglot.PolyglotException: ReferenceError: "contains" is not defined
- <js>.:program(Unnamed:1)

classpath:examples/users/responseMatcher.feature:51
19:02:27.779 [main] DEBUG com.intuit.karate.Suite - [config] classpath:karate-config.js
19:02:29.392 [main] INFO  com.intuit.karate - karate.env system property was: null 
19:02:29.863 [main] DEBUG com.intuit.karate - request:
1 > GET https://simple-books-api.glitch.me/books/6
1 > Accept: application/json
1 > Host: simple-books-api.glitch.me
1 > Connection: Keep-Alive
1 > User-Agent: Apache-HttpClient/4.5.14 (Java/17.0.11)
1 > Accept-Encoding: gzip,deflate


19:02:30.970 [main] DEBUG com.intuit.karate - response time in milliseconds: 1103
1 < 200
1 < Date: Tue, 06 Aug 2024 13:32:05 GMT
1 < Content-Type: application/json; charset=utf-8
1 < Content-Length: 130
1 < Connection: keep-alive
1 < x-powered-by: Express
1 < etag: W/"82-dKEYek9Gf+Rt5INM7zlwqQLV/ZY"
{"id":6,"name":"Viscount Who Loved Me","author":"Julia Quinn","type":"fiction","price":15.6,"current-stock":1021,"available":true}

19:02:31.011 [main] INFO  com.intuit.karate - [print] {
  "id": 6,
  "name": "Viscount Who Loved Me",
  "author": "Julia Quinn",
  "type": "fiction",
  "price": 15.6,
  "current-stock": 1021,
  "available": true
}
 
19:02:31.069 [main] INFO  com.intuit.karate - karate.env system property was: null 
19:02:31.076 [main] DEBUG com.intuit.karate - request:
1 > GET https://simple-books-api.glitch.me/books/6
1 > Accept: application/json
1 > Host: simple-books-api.glitch.me
1 > Connection: Keep-Alive
1 > User-Agent: Apache-HttpClient/4.5.14 (Java/17.0.11)
1 > Accept-Encoding: gzip,deflate


19:02:31.749 [main] DEBUG com.intuit.karate - response time in milliseconds: 672
1 < 200
1 < Date: Tue, 06 Aug 2024 13:32:06 GMT
1 < Content-Type: application/json; charset=utf-8
1 < Content-Length: 130
1 < Connection: keep-alive
1 < x-powered-by: Express
1 < etag: W/"82-dKEYek9Gf+Rt5INM7zlwqQLV/ZY"
{"id":6,"name":"Viscount Who Loved Me","author":"Julia Quinn","type":"fiction","price":15.6,"current-stock":1021,"available":true}

19:02:31.753 [main] INFO  com.intuit.karate - [print] {
  "id": 6,
  "name": "Viscount Who Loved Me",
  "author": "Julia Quinn",
  "type": "fiction",
  "price": 15.6,
  "current-stock": 1021,
  "available": true
}
 
19:02:31.765 [main] INFO  com.intuit.karate - karate.env system property was: null 
19:02:31.769 [main] DEBUG com.intuit.karate - request:
1 > GET https://simple-books-api.glitch.me/books/6
1 > Accept: application/json
1 > Host: simple-books-api.glitch.me
1 > Connection: Keep-Alive
1 > User-Agent: Apache-HttpClient/4.5.14 (Java/17.0.11)
1 > Accept-Encoding: gzip,deflate


19:02:32.483 [main] DEBUG com.intuit.karate - response time in milliseconds: 712
1 < 200
1 < Date: Tue, 06 Aug 2024 13:32:07 GMT
1 < Content-Type: application/json; charset=utf-8
1 < Content-Length: 130
1 < Connection: keep-alive
1 < x-powered-by: Express
1 < etag: W/"82-dKEYek9Gf+Rt5INM7zlwqQLV/ZY"
{"id":6,"name":"Viscount Who Loved Me","author":"Julia Quinn","type":"fiction","price":15.6,"current-stock":1021,"available":true}

19:02:32.485 [main] INFO  com.intuit.karate - [print] {
  "id": 6,
  "name": "Viscount Who Loved Me",
  "author": "Julia Quinn",
  "type": "fiction",
  "price": 15.6,
  "current-stock": 1021,
  "available": true
}
 
19:03:08.629 [main] DEBUG com.intuit.karate.Suite - [config] classpath:karate-config.js
19:03:09.979 [main] INFO  com.intuit.karate - karate.env system property was: null 
19:03:10.325 [main] DEBUG com.intuit.karate - request:
1 > GET https://simple-books-api.glitch.me/books/6
1 > Accept: application/json
1 > Host: simple-books-api.glitch.me
1 > Connection: Keep-Alive
1 > User-Agent: Apache-HttpClient/4.5.14 (Java/17.0.11)
1 > Accept-Encoding: gzip,deflate


19:03:11.469 [main] DEBUG com.intuit.karate - response time in milliseconds: 1139
1 < 200
1 < Date: Tue, 06 Aug 2024 13:32:46 GMT
1 < Content-Type: application/json; charset=utf-8
1 < Content-Length: 130
1 < Connection: keep-alive
1 < x-powered-by: Express
1 < etag: W/"82-dKEYek9Gf+Rt5INM7zlwqQLV/ZY"
{"id":6,"name":"Viscount Who Loved Me","author":"Julia Quinn","type":"fiction","price":15.6,"current-stock":1021,"available":true}

19:03:11.507 [main] INFO  com.intuit.karate - [print] {
  "id": 6,
  "name": "Viscount Who Loved Me",
  "author": "Julia Quinn",
  "type": "fiction",
  "price": 15.6,
  "current-stock": 1021,
  "available": true
}
 
19:03:11.552 [main] INFO  com.intuit.karate - karate.env system property was: null 
19:03:11.557 [main] DEBUG com.intuit.karate - request:
1 > GET https://simple-books-api.glitch.me/books/6
1 > Accept: application/json
1 > Host: simple-books-api.glitch.me
1 > Connection: Keep-Alive
1 > User-Agent: Apache-HttpClient/4.5.14 (Java/17.0.11)
1 > Accept-Encoding: gzip,deflate


19:03:12.268 [main] DEBUG com.intuit.karate - response time in milliseconds: 710
1 < 200
1 < Date: Tue, 06 Aug 2024 13:32:46 GMT
1 < Content-Type: application/json; charset=utf-8
1 < Content-Length: 130
1 < Connection: keep-alive
1 < x-powered-by: Express
1 < etag: W/"82-dKEYek9Gf+Rt5INM7zlwqQLV/ZY"
{"id":6,"name":"Viscount Who Loved Me","author":"Julia Quinn","type":"fiction","price":15.6,"current-stock":1021,"available":true}

19:03:12.271 [main] INFO  com.intuit.karate - [print] {
  "id": 6,
  "name": "Viscount Who Loved Me",
  "author": "Julia Quinn",
  "type": "fiction",
  "price": 15.6,
  "current-stock": 1021,
  "available": true
}
 
19:03:12.281 [main] INFO  com.intuit.karate - karate.env system property was: null 
19:03:12.287 [main] DEBUG com.intuit.karate - request:
1 > GET https://simple-books-api.glitch.me/books/6
1 > Accept: application/json
1 > Host: simple-books-api.glitch.me
1 > Connection: Keep-Alive
1 > User-Agent: Apache-HttpClient/4.5.14 (Java/17.0.11)
1 > Accept-Encoding: gzip,deflate


19:03:13.060 [main] DEBUG com.intuit.karate - response time in milliseconds: 772
1 < 200
1 < Date: Tue, 06 Aug 2024 13:32:47 GMT
1 < Content-Type: application/json; charset=utf-8
1 < Content-Length: 130
1 < Connection: keep-alive
1 < x-powered-by: Express
1 < etag: W/"82-dKEYek9Gf+Rt5INM7zlwqQLV/ZY"
{"id":6,"name":"Viscount Who Loved Me","author":"Julia Quinn","type":"fiction","price":15.6,"current-stock":1021,"available":true}

19:03:13.062 [main] INFO  com.intuit.karate - [print] {
  "id": 6,
  "name": "Viscount Who Loved Me",
  "author": "Julia Quinn",
  "type": "fiction",
  "price": 15.6,
  "current-stock": 1021,
  "available": true
}
 
19:27:33.467 [main] DEBUG com.intuit.karate.Suite - [config] classpath:karate-config.js
19:27:35.387 [main] INFO  com.intuit.karate - karate.env system property was: null 
19:27:35.929 [main] DEBUG com.intuit.karate - request:
1 > GET https://simple-books-api.glitch.me/books/6
1 > Accept: application/json
1 > Host: simple-books-api.glitch.me
1 > Connection: Keep-Alive
1 > User-Agent: Apache-HttpClient/4.5.14 (Java/17.0.11)
1 > Accept-Encoding: gzip,deflate


19:27:37.090 [main] DEBUG com.intuit.karate - response time in milliseconds: 1155
1 < 200
1 < Date: Tue, 06 Aug 2024 13:57:11 GMT
1 < Content-Type: application/json; charset=utf-8
1 < Content-Length: 130
1 < Connection: keep-alive
1 < x-powered-by: Express
1 < etag: W/"82-dKEYek9Gf+Rt5INM7zlwqQLV/ZY"
{"id":6,"name":"Viscount Who Loved Me","author":"Julia Quinn","type":"fiction","price":15.6,"current-stock":1021,"available":true}

19:27:37.152 [main] INFO  com.intuit.karate - [print] {
  "id": 6,
  "name": "Viscount Who Loved Me",
  "author": "Julia Quinn",
  "type": "fiction",
  "price": 15.6,
  "current-stock": 1021,
  "available": true
}
 
19:27:37.209 [main] INFO  com.intuit.karate - karate.env system property was: null 
19:27:37.212 [main] DEBUG com.intuit.karate - request:
1 > GET https://simple-books-api.glitch.me/books/6
1 > Accept: application/json
1 > Host: simple-books-api.glitch.me
1 > Connection: Keep-Alive
1 > User-Agent: Apache-HttpClient/4.5.14 (Java/17.0.11)
1 > Accept-Encoding: gzip,deflate


19:27:37.884 [main] DEBUG com.intuit.karate - response time in milliseconds: 670
1 < 200
1 < Date: Tue, 06 Aug 2024 13:57:12 GMT
1 < Content-Type: application/json; charset=utf-8
1 < Content-Length: 130
1 < Connection: keep-alive
1 < x-powered-by: Express
1 < etag: W/"82-dKEYek9Gf+Rt5INM7zlwqQLV/ZY"
{"id":6,"name":"Viscount Who Loved Me","author":"Julia Quinn","type":"fiction","price":15.6,"current-stock":1021,"available":true}

19:27:37.887 [main] INFO  com.intuit.karate - [print] {
  "id": 6,
  "name": "Viscount Who Loved Me",
  "author": "Julia Quinn",
  "type": "fiction",
  "price": 15.6,
  "current-stock": 1021,
  "available": true
}
 
19:27:37.900 [main] INFO  com.intuit.karate - karate.env system property was: null 
19:27:37.905 [main] DEBUG com.intuit.karate - request:
1 > GET https://simple-books-api.glitch.me/books/6
1 > Accept: application/json
1 > Host: simple-books-api.glitch.me
1 > Connection: Keep-Alive
1 > User-Agent: Apache-HttpClient/4.5.14 (Java/17.0.11)
1 > Accept-Encoding: gzip,deflate


19:27:38.594 [main] DEBUG com.intuit.karate - response time in milliseconds: 688
1 < 200
1 < Date: Tue, 06 Aug 2024 13:57:13 GMT
1 < Content-Type: application/json; charset=utf-8
1 < Content-Length: 130
1 < Connection: keep-alive
1 < x-powered-by: Express
1 < etag: W/"82-dKEYek9Gf+Rt5INM7zlwqQLV/ZY"
{"id":6,"name":"Viscount Who Loved Me","author":"Julia Quinn","type":"fiction","price":15.6,"current-stock":1021,"available":true}

19:27:38.596 [main] INFO  com.intuit.karate - [print] {
  "id": 6,
  "name": "Viscount Who Loved Me",
  "author": "Julia Quinn",
  "type": "fiction",
  "price": 15.6,
  "current-stock": 1021,
  "available": true
}
 
19:27:38.601 [main] ERROR com.intuit.karate - classpath:examples/users/responseMatcher.feature:52
And match header Connection == 'Keep-Alive'
match failed: EQUALS
  $ | not equal (STRING:STRING)
  'keep-alive'
  'Keep-Alive'

classpath:examples/users/responseMatcher.feature:52
19:28:06.210 [main] DEBUG com.intuit.karate.Suite - [config] classpath:karate-config.js
19:28:07.574 [main] INFO  com.intuit.karate - karate.env system property was: null 
19:28:07.911 [main] DEBUG com.intuit.karate - request:
1 > GET https://simple-books-api.glitch.me/books/6
1 > Accept: application/json
1 > Host: simple-books-api.glitch.me
1 > Connection: Keep-Alive
1 > User-Agent: Apache-HttpClient/4.5.14 (Java/17.0.11)
1 > Accept-Encoding: gzip,deflate


19:28:08.970 [main] DEBUG com.intuit.karate - response time in milliseconds: 1055
1 < 200
1 < Date: Tue, 06 Aug 2024 13:57:43 GMT
1 < Content-Type: application/json; charset=utf-8
1 < Content-Length: 130
1 < Connection: keep-alive
1 < x-powered-by: Express
1 < etag: W/"82-dKEYek9Gf+Rt5INM7zlwqQLV/ZY"
{"id":6,"name":"Viscount Who Loved Me","author":"Julia Quinn","type":"fiction","price":15.6,"current-stock":1021,"available":true}

19:28:09.011 [main] INFO  com.intuit.karate - [print] {
  "id": 6,
  "name": "Viscount Who Loved Me",
  "author": "Julia Quinn",
  "type": "fiction",
  "price": 15.6,
  "current-stock": 1021,
  "available": true
}
 
19:28:09.064 [main] INFO  com.intuit.karate - karate.env system property was: null 
19:28:09.069 [main] DEBUG com.intuit.karate - request:
1 > GET https://simple-books-api.glitch.me/books/6
1 > Accept: application/json
1 > Host: simple-books-api.glitch.me
1 > Connection: Keep-Alive
1 > User-Agent: Apache-HttpClient/4.5.14 (Java/17.0.11)
1 > Accept-Encoding: gzip,deflate


19:28:09.763 [main] DEBUG com.intuit.karate - response time in milliseconds: 694
1 < 200
1 < Date: Tue, 06 Aug 2024 13:57:44 GMT
1 < Content-Type: application/json; charset=utf-8
1 < Content-Length: 130
1 < Connection: keep-alive
1 < x-powered-by: Express
1 < etag: W/"82-dKEYek9Gf+Rt5INM7zlwqQLV/ZY"
{"id":6,"name":"Viscount Who Loved Me","author":"Julia Quinn","type":"fiction","price":15.6,"current-stock":1021,"available":true}

19:28:09.766 [main] INFO  com.intuit.karate - [print] {
  "id": 6,
  "name": "Viscount Who Loved Me",
  "author": "Julia Quinn",
  "type": "fiction",
  "price": 15.6,
  "current-stock": 1021,
  "available": true
}
 
19:28:09.776 [main] INFO  com.intuit.karate - karate.env system property was: null 
19:28:09.779 [main] DEBUG com.intuit.karate - request:
1 > GET https://simple-books-api.glitch.me/books/6
1 > Accept: application/json
1 > Host: simple-books-api.glitch.me
1 > Connection: Keep-Alive
1 > User-Agent: Apache-HttpClient/4.5.14 (Java/17.0.11)
1 > Accept-Encoding: gzip,deflate


19:28:10.509 [main] DEBUG com.intuit.karate - response time in milliseconds: 728
1 < 200
1 < Date: Tue, 06 Aug 2024 13:57:45 GMT
1 < Content-Type: application/json; charset=utf-8
1 < Content-Length: 130
1 < Connection: keep-alive
1 < x-powered-by: Express
1 < etag: W/"82-dKEYek9Gf+Rt5INM7zlwqQLV/ZY"
{"id":6,"name":"Viscount Who Loved Me","author":"Julia Quinn","type":"fiction","price":15.6,"current-stock":1021,"available":true}

19:28:10.511 [main] INFO  com.intuit.karate - [print] {
  "id": 6,
  "name": "Viscount Who Loved Me",
  "author": "Julia Quinn",
  "type": "fiction",
  "price": 15.6,
  "current-stock": 1021,
  "available": true
}
 
19:28:10.514 [main] ERROR com.intuit.karate - classpath:examples/users/responseMatcher.feature:52
And match header Connection == "Keep-Alive"
match failed: EQUALS
  $ | not equal (STRING:STRING)
  'keep-alive'
  'Keep-Alive'

classpath:examples/users/responseMatcher.feature:52
19:29:45.495 [main] DEBUG com.intuit.karate.Suite - [config] classpath:karate-config.js
19:29:46.855 [main] INFO  com.intuit.karate - karate.env system property was: null 
19:29:47.193 [main] DEBUG com.intuit.karate - request:
1 > GET https://simple-books-api.glitch.me/books/6
1 > Accept: application/json
1 > Host: simple-books-api.glitch.me
1 > Connection: Keep-Alive
1 > User-Agent: Apache-HttpClient/4.5.14 (Java/17.0.11)
1 > Accept-Encoding: gzip,deflate


19:29:48.311 [main] DEBUG com.intuit.karate - response time in milliseconds: 1112
1 < 200
1 < Date: Tue, 06 Aug 2024 13:59:22 GMT
1 < Content-Type: application/json; charset=utf-8
1 < Content-Length: 130
1 < Connection: keep-alive
1 < x-powered-by: Express
1 < etag: W/"82-dKEYek9Gf+Rt5INM7zlwqQLV/ZY"
{"id":6,"name":"Viscount Who Loved Me","author":"Julia Quinn","type":"fiction","price":15.6,"current-stock":1021,"available":true}

19:29:48.350 [main] INFO  com.intuit.karate - [print] {
  "id": 6,
  "name": "Viscount Who Loved Me",
  "author": "Julia Quinn",
  "type": "fiction",
  "price": 15.6,
  "current-stock": 1021,
  "available": true
}
 
19:29:48.399 [main] INFO  com.intuit.karate - karate.env system property was: null 
19:29:48.403 [main] DEBUG com.intuit.karate - request:
1 > GET https://simple-books-api.glitch.me/books/6
1 > Accept: application/json
1 > Host: simple-books-api.glitch.me
1 > Connection: Keep-Alive
1 > User-Agent: Apache-HttpClient/4.5.14 (Java/17.0.11)
1 > Accept-Encoding: gzip,deflate


19:29:49.095 [main] DEBUG com.intuit.karate - response time in milliseconds: 691
1 < 200
1 < Date: Tue, 06 Aug 2024 13:59:23 GMT
1 < Content-Type: application/json; charset=utf-8
1 < Content-Length: 130
1 < Connection: keep-alive
1 < x-powered-by: Express
1 < etag: W/"82-dKEYek9Gf+Rt5INM7zlwqQLV/ZY"
{"id":6,"name":"Viscount Who Loved Me","author":"Julia Quinn","type":"fiction","price":15.6,"current-stock":1021,"available":true}

19:29:49.097 [main] INFO  com.intuit.karate - [print] {
  "id": 6,
  "name": "Viscount Who Loved Me",
  "author": "Julia Quinn",
  "type": "fiction",
  "price": 15.6,
  "current-stock": 1021,
  "available": true
}
 
19:29:49.108 [main] INFO  com.intuit.karate - karate.env system property was: null 
19:29:49.112 [main] DEBUG com.intuit.karate - request:
1 > GET https://simple-books-api.glitch.me/books/6
1 > Accept: application/json
1 > Host: simple-books-api.glitch.me
1 > Connection: Keep-Alive
1 > User-Agent: Apache-HttpClient/4.5.14 (Java/17.0.11)
1 > Accept-Encoding: gzip,deflate


19:29:49.793 [main] DEBUG com.intuit.karate - response time in milliseconds: 679
1 < 200
1 < Date: Tue, 06 Aug 2024 13:59:24 GMT
1 < Content-Type: application/json; charset=utf-8
1 < Content-Length: 130
1 < Connection: keep-alive
1 < x-powered-by: Express
1 < etag: W/"82-dKEYek9Gf+Rt5INM7zlwqQLV/ZY"
{"id":6,"name":"Viscount Who Loved Me","author":"Julia Quinn","type":"fiction","price":15.6,"current-stock":1021,"available":true}

19:29:49.795 [main] INFO  com.intuit.karate - [print] {
  "id": 6,
  "name": "Viscount Who Loved Me",
  "author": "Julia Quinn",
  "type": "fiction",
  "price": 15.6,
  "current-stock": 1021,
  "available": true
}
 
19:29:49.798 [main] ERROR com.intuit.karate - classpath:examples/users/responseMatcher.feature:52
And match header Content-Type == 'application/json'
match failed: EQUALS
  $ | not equal (STRING:STRING)
  'application/json; charset=utf-8'
  'application/json'

classpath:examples/users/responseMatcher.feature:52
19:31:28.321 [main] DEBUG com.intuit.karate.Suite - [config] classpath:karate-config.js
19:31:29.711 [main] INFO  com.intuit.karate - karate.env system property was: null 
19:31:30.085 [main] DEBUG com.intuit.karate - request:
1 > GET https://simple-books-api.glitch.me/books/6
1 > Accept: application/json
1 > Host: simple-books-api.glitch.me
1 > Connection: Keep-Alive
1 > User-Agent: Apache-HttpClient/4.5.14 (Java/17.0.11)
1 > Accept-Encoding: gzip,deflate


19:31:31.196 [main] DEBUG com.intuit.karate - response time in milliseconds: 1107
1 < 200
1 < Date: Tue, 06 Aug 2024 14:01:05 GMT
1 < Content-Type: application/json; charset=utf-8
1 < Content-Length: 130
1 < Connection: keep-alive
1 < x-powered-by: Express
1 < etag: W/"82-dKEYek9Gf+Rt5INM7zlwqQLV/ZY"
{"id":6,"name":"Viscount Who Loved Me","author":"Julia Quinn","type":"fiction","price":15.6,"current-stock":1021,"available":true}

19:31:31.239 [main] INFO  com.intuit.karate - [print] {
  "id": 6,
  "name": "Viscount Who Loved Me",
  "author": "Julia Quinn",
  "type": "fiction",
  "price": 15.6,
  "current-stock": 1021,
  "available": true
}
 
19:31:31.289 [main] INFO  com.intuit.karate - karate.env system property was: null 
19:31:31.294 [main] DEBUG com.intuit.karate - request:
1 > GET https://simple-books-api.glitch.me/books/6
1 > Accept: application/json
1 > Host: simple-books-api.glitch.me
1 > Connection: Keep-Alive
1 > User-Agent: Apache-HttpClient/4.5.14 (Java/17.0.11)
1 > Accept-Encoding: gzip,deflate


19:31:31.989 [main] DEBUG com.intuit.karate - response time in milliseconds: 694
1 < 200
1 < Date: Tue, 06 Aug 2024 14:01:06 GMT
1 < Content-Type: application/json; charset=utf-8
1 < Content-Length: 130
1 < Connection: keep-alive
1 < x-powered-by: Express
1 < etag: W/"82-dKEYek9Gf+Rt5INM7zlwqQLV/ZY"
{"id":6,"name":"Viscount Who Loved Me","author":"Julia Quinn","type":"fiction","price":15.6,"current-stock":1021,"available":true}

19:31:31.991 [main] INFO  com.intuit.karate - [print] {
  "id": 6,
  "name": "Viscount Who Loved Me",
  "author": "Julia Quinn",
  "type": "fiction",
  "price": 15.6,
  "current-stock": 1021,
  "available": true
}
 
19:31:32.000 [main] INFO  com.intuit.karate - karate.env system property was: null 
19:31:32.004 [main] DEBUG com.intuit.karate - request:
1 > GET https://simple-books-api.glitch.me/books/6
1 > Accept: application/json
1 > Host: simple-books-api.glitch.me
1 > Connection: Keep-Alive
1 > User-Agent: Apache-HttpClient/4.5.14 (Java/17.0.11)
1 > Accept-Encoding: gzip,deflate


19:31:32.694 [main] DEBUG com.intuit.karate - response time in milliseconds: 689
1 < 200
1 < Date: Tue, 06 Aug 2024 14:01:07 GMT
1 < Content-Type: application/json; charset=utf-8
1 < Content-Length: 130
1 < Connection: keep-alive
1 < x-powered-by: Express
1 < etag: W/"82-dKEYek9Gf+Rt5INM7zlwqQLV/ZY"
{"id":6,"name":"Viscount Who Loved Me","author":"Julia Quinn","type":"fiction","price":15.6,"current-stock":1021,"available":true}

19:31:32.696 [main] INFO  com.intuit.karate - [print] {
  "id": 6,
  "name": "Viscount Who Loved Me",
  "author": "Julia Quinn",
  "type": "fiction",
  "price": 15.6,
  "current-stock": 1021,
  "available": true
}
 
19:32:14.586 [main] DEBUG com.intuit.karate.Suite - [config] classpath:karate-config.js
19:32:16.041 [main] INFO  com.intuit.karate - karate.env system property was: null 
19:32:16.476 [main] DEBUG com.intuit.karate - request:
1 > GET https://simple-books-api.glitch.me/books/6
1 > Accept: application/json
1 > Host: simple-books-api.glitch.me
1 > Connection: Keep-Alive
1 > User-Agent: Apache-HttpClient/4.5.14 (Java/17.0.11)
1 > Accept-Encoding: gzip,deflate


19:32:17.591 [main] DEBUG com.intuit.karate - response time in milliseconds: 1110
1 < 200
1 < Date: Tue, 06 Aug 2024 14:01:52 GMT
1 < Content-Type: application/json; charset=utf-8
1 < Content-Length: 130
1 < Connection: keep-alive
1 < x-powered-by: Express
1 < etag: W/"82-dKEYek9Gf+Rt5INM7zlwqQLV/ZY"
{"id":6,"name":"Viscount Who Loved Me","author":"Julia Quinn","type":"fiction","price":15.6,"current-stock":1021,"available":true}

19:32:17.634 [main] INFO  com.intuit.karate - [print] {
  "id": 6,
  "name": "Viscount Who Loved Me",
  "author": "Julia Quinn",
  "type": "fiction",
  "price": 15.6,
  "current-stock": 1021,
  "available": true
}
 
19:32:17.680 [main] INFO  com.intuit.karate - karate.env system property was: null 
19:32:17.686 [main] DEBUG com.intuit.karate - request:
1 > GET https://simple-books-api.glitch.me/books/6
1 > Accept: application/json
1 > Host: simple-books-api.glitch.me
1 > Connection: Keep-Alive
1 > User-Agent: Apache-HttpClient/4.5.14 (Java/17.0.11)
1 > Accept-Encoding: gzip,deflate


19:32:18.378 [main] DEBUG com.intuit.karate - response time in milliseconds: 691
1 < 200
1 < Date: Tue, 06 Aug 2024 14:01:52 GMT
1 < Content-Type: application/json; charset=utf-8
1 < Content-Length: 130
1 < Connection: keep-alive
1 < x-powered-by: Express
1 < etag: W/"82-dKEYek9Gf+Rt5INM7zlwqQLV/ZY"
{"id":6,"name":"Viscount Who Loved Me","author":"Julia Quinn","type":"fiction","price":15.6,"current-stock":1021,"available":true}

19:32:18.381 [main] INFO  com.intuit.karate - [print] {
  "id": 6,
  "name": "Viscount Who Loved Me",
  "author": "Julia Quinn",
  "type": "fiction",
  "price": 15.6,
  "current-stock": 1021,
  "available": true
}
 
19:32:18.391 [main] INFO  com.intuit.karate - karate.env system property was: null 
19:32:18.394 [main] DEBUG com.intuit.karate - request:
1 > GET https://simple-books-api.glitch.me/books/6
1 > Accept: application/json
1 > Host: simple-books-api.glitch.me
1 > Connection: Keep-Alive
1 > User-Agent: Apache-HttpClient/4.5.14 (Java/17.0.11)
1 > Accept-Encoding: gzip,deflate


19:32:19.066 [main] DEBUG com.intuit.karate - response time in milliseconds: 670
1 < 200
1 < Date: Tue, 06 Aug 2024 14:01:53 GMT
1 < Content-Type: application/json; charset=utf-8
1 < Content-Length: 130
1 < Connection: keep-alive
1 < x-powered-by: Express
1 < etag: W/"82-dKEYek9Gf+Rt5INM7zlwqQLV/ZY"
{"id":6,"name":"Viscount Who Loved Me","author":"Julia Quinn","type":"fiction","price":15.6,"current-stock":1021,"available":true}

19:32:19.068 [main] INFO  com.intuit.karate - [print] {
  "id": 6,
  "name": "Viscount Who Loved Me",
  "author": "Julia Quinn",
  "type": "fiction",
  "price": 15.6,
  "current-stock": 1021,
  "available": true
}
 
19:32:19.073 [main] ERROR com.intuit.karate - classpath:examples/users/responseMatcher.feature:53
And match header Content-Type== 'application/json'
syntax error, expected '==' for match
classpath:examples/users/responseMatcher.feature:53
19:32:41.072 [main] DEBUG com.intuit.karate.Suite - [config] classpath:karate-config.js
19:32:42.734 [main] INFO  com.intuit.karate - karate.env system property was: null 
19:32:43.099 [main] DEBUG com.intuit.karate - request:
1 > GET https://simple-books-api.glitch.me/books/6
1 > Accept: application/json
1 > Host: simple-books-api.glitch.me
1 > Connection: Keep-Alive
1 > User-Agent: Apache-HttpClient/4.5.14 (Java/17.0.11)
1 > Accept-Encoding: gzip,deflate


19:32:44.208 [main] DEBUG com.intuit.karate - response time in milliseconds: 1104
1 < 200
1 < Date: Tue, 06 Aug 2024 14:02:18 GMT
1 < Content-Type: application/json; charset=utf-8
1 < Content-Length: 130
1 < Connection: keep-alive
1 < x-powered-by: Express
1 < etag: W/"82-dKEYek9Gf+Rt5INM7zlwqQLV/ZY"
{"id":6,"name":"Viscount Who Loved Me","author":"Julia Quinn","type":"fiction","price":15.6,"current-stock":1021,"available":true}

19:32:44.248 [main] INFO  com.intuit.karate - [print] {
  "id": 6,
  "name": "Viscount Who Loved Me",
  "author": "Julia Quinn",
  "type": "fiction",
  "price": 15.6,
  "current-stock": 1021,
  "available": true
}
 
19:32:44.294 [main] INFO  com.intuit.karate - karate.env system property was: null 
19:32:44.300 [main] DEBUG com.intuit.karate - request:
1 > GET https://simple-books-api.glitch.me/books/6
1 > Accept: application/json
1 > Host: simple-books-api.glitch.me
1 > Connection: Keep-Alive
1 > User-Agent: Apache-HttpClient/4.5.14 (Java/17.0.11)
1 > Accept-Encoding: gzip,deflate


19:32:44.982 [main] DEBUG com.intuit.karate - response time in milliseconds: 681
1 < 200
1 < Date: Tue, 06 Aug 2024 14:02:19 GMT
1 < Content-Type: application/json; charset=utf-8
1 < Content-Length: 130
1 < Connection: keep-alive
1 < x-powered-by: Express
1 < etag: W/"82-dKEYek9Gf+Rt5INM7zlwqQLV/ZY"
{"id":6,"name":"Viscount Who Loved Me","author":"Julia Quinn","type":"fiction","price":15.6,"current-stock":1021,"available":true}

19:32:44.984 [main] INFO  com.intuit.karate - [print] {
  "id": 6,
  "name": "Viscount Who Loved Me",
  "author": "Julia Quinn",
  "type": "fiction",
  "price": 15.6,
  "current-stock": 1021,
  "available": true
}
 
19:32:44.993 [main] INFO  com.intuit.karate - karate.env system property was: null 
19:32:44.997 [main] DEBUG com.intuit.karate - request:
1 > GET https://simple-books-api.glitch.me/books/6
1 > Accept: application/json
1 > Host: simple-books-api.glitch.me
1 > Connection: Keep-Alive
1 > User-Agent: Apache-HttpClient/4.5.14 (Java/17.0.11)
1 > Accept-Encoding: gzip,deflate


19:32:45.707 [main] DEBUG com.intuit.karate - response time in milliseconds: 709
1 < 200
1 < Date: Tue, 06 Aug 2024 14:02:20 GMT
1 < Content-Type: application/json; charset=utf-8
1 < Content-Length: 130
1 < Connection: keep-alive
1 < x-powered-by: Express
1 < etag: W/"82-dKEYek9Gf+Rt5INM7zlwqQLV/ZY"
{"id":6,"name":"Viscount Who Loved Me","author":"Julia Quinn","type":"fiction","price":15.6,"current-stock":1021,"available":true}

19:32:45.709 [main] INFO  com.intuit.karate - [print] {
  "id": 6,
  "name": "Viscount Who Loved Me",
  "author": "Julia Quinn",
  "type": "fiction",
  "price": 15.6,
  "current-stock": 1021,
  "available": true
}
 
19:32:45.712 [main] ERROR com.intuit.karate - classpath:examples/users/responseMatcher.feature:53
And match header Content-Type == 'application/json'
match failed: EQUALS
  $ | not equal (STRING:STRING)
  'application/json; charset=utf-8'
  'application/json'

classpath:examples/users/responseMatcher.feature:53
19:33:40.689 [main] DEBUG com.intuit.karate.Suite - [config] classpath:karate-config.js
19:33:42.233 [main] INFO  com.intuit.karate - karate.env system property was: null 
19:33:42.567 [main] DEBUG com.intuit.karate - request:
1 > GET https://simple-books-api.glitch.me/books/6
1 > Accept: application/json
1 > Host: simple-books-api.glitch.me
1 > Connection: Keep-Alive
1 > User-Agent: Apache-HttpClient/4.5.14 (Java/17.0.11)
1 > Accept-Encoding: gzip,deflate


19:33:43.734 [main] DEBUG com.intuit.karate - response time in milliseconds: 1162
1 < 200
1 < Date: Tue, 06 Aug 2024 14:03:18 GMT
1 < Content-Type: application/json; charset=utf-8
1 < Content-Length: 130
1 < Connection: keep-alive
1 < x-powered-by: Express
1 < etag: W/"82-dKEYek9Gf+Rt5INM7zlwqQLV/ZY"
{"id":6,"name":"Viscount Who Loved Me","author":"Julia Quinn","type":"fiction","price":15.6,"current-stock":1021,"available":true}

19:33:43.779 [main] INFO  com.intuit.karate - [print] {
  "id": 6,
  "name": "Viscount Who Loved Me",
  "author": "Julia Quinn",
  "type": "fiction",
  "price": 15.6,
  "current-stock": 1021,
  "available": true
}
 
19:33:43.827 [main] INFO  com.intuit.karate - karate.env system property was: null 
19:33:43.833 [main] DEBUG com.intuit.karate - request:
1 > GET https://simple-books-api.glitch.me/books/6
1 > Accept: application/json
1 > Host: simple-books-api.glitch.me
1 > Connection: Keep-Alive
1 > User-Agent: Apache-HttpClient/4.5.14 (Java/17.0.11)
1 > Accept-Encoding: gzip,deflate


19:33:44.610 [main] DEBUG com.intuit.karate - response time in milliseconds: 775
1 < 200
1 < Date: Tue, 06 Aug 2024 14:03:19 GMT
1 < Content-Type: application/json; charset=utf-8
1 < Content-Length: 130
1 < Connection: keep-alive
1 < x-powered-by: Express
1 < etag: W/"82-dKEYek9Gf+Rt5INM7zlwqQLV/ZY"
{"id":6,"name":"Viscount Who Loved Me","author":"Julia Quinn","type":"fiction","price":15.6,"current-stock":1021,"available":true}

19:33:44.612 [main] INFO  com.intuit.karate - [print] {
  "id": 6,
  "name": "Viscount Who Loved Me",
  "author": "Julia Quinn",
  "type": "fiction",
  "price": 15.6,
  "current-stock": 1021,
  "available": true
}
 
19:33:44.623 [main] INFO  com.intuit.karate - karate.env system property was: null 
19:33:44.627 [main] DEBUG com.intuit.karate - request:
1 > GET https://simple-books-api.glitch.me/books/6
1 > Accept: application/json
1 > Host: simple-books-api.glitch.me
1 > Connection: Keep-Alive
1 > User-Agent: Apache-HttpClient/4.5.14 (Java/17.0.11)
1 > Accept-Encoding: gzip,deflate


19:33:45.322 [main] DEBUG com.intuit.karate - response time in milliseconds: 694
1 < 200
1 < Date: Tue, 06 Aug 2024 14:03:19 GMT
1 < Content-Type: application/json; charset=utf-8
1 < Content-Length: 130
1 < Connection: keep-alive
1 < x-powered-by: Express
1 < etag: W/"82-dKEYek9Gf+Rt5INM7zlwqQLV/ZY"
{"id":6,"name":"Viscount Who Loved Me","author":"Julia Quinn","type":"fiction","price":15.6,"current-stock":1021,"available":true}

19:33:45.323 [main] INFO  com.intuit.karate - [print] {
  "id": 6,
  "name": "Viscount Who Loved Me",
  "author": "Julia Quinn",
  "type": "fiction",
  "price": 15.6,
  "current-stock": 1021,
  "available": true
}
 
19:33:45.328 [main] ERROR com.intuit.karate - classpath:examples/users/responseMatcher.feature:53
And match header Content-Type == 'application/json;'
match failed: EQUALS
  $ | not equal (STRING:STRING)
  'application/json; charset=utf-8'
  'application/json;'

classpath:examples/users/responseMatcher.feature:53
19:35:17.652 [main] DEBUG com.intuit.karate.Suite - [config] classpath:karate-config.js
19:35:19.114 [main] INFO  com.intuit.karate - karate.env system property was: null 
19:35:19.468 [main] DEBUG com.intuit.karate - request:
1 > GET https://simple-books-api.glitch.me/books/6
1 > Accept: application/json
1 > Host: simple-books-api.glitch.me
1 > Connection: Keep-Alive
1 > User-Agent: Apache-HttpClient/4.5.14 (Java/17.0.11)
1 > Accept-Encoding: gzip,deflate


19:35:20.600 [main] DEBUG com.intuit.karate - response time in milliseconds: 1128
1 < 200
1 < Date: Tue, 06 Aug 2024 14:04:55 GMT
1 < Content-Type: application/json; charset=utf-8
1 < Content-Length: 130
1 < Connection: keep-alive
1 < x-powered-by: Express
1 < etag: W/"82-dKEYek9Gf+Rt5INM7zlwqQLV/ZY"
{"id":6,"name":"Viscount Who Loved Me","author":"Julia Quinn","type":"fiction","price":15.6,"current-stock":1021,"available":true}

19:35:20.661 [main] INFO  com.intuit.karate - [print] {
  "id": 6,
  "name": "Viscount Who Loved Me",
  "author": "Julia Quinn",
  "type": "fiction",
  "price": 15.6,
  "current-stock": 1021,
  "available": true
}
 
19:35:20.708 [main] INFO  com.intuit.karate - karate.env system property was: null 
19:35:20.713 [main] DEBUG com.intuit.karate - request:
1 > GET https://simple-books-api.glitch.me/books/6
1 > Accept: application/json
1 > Host: simple-books-api.glitch.me
1 > Connection: Keep-Alive
1 > User-Agent: Apache-HttpClient/4.5.14 (Java/17.0.11)
1 > Accept-Encoding: gzip,deflate


19:35:21.414 [main] DEBUG com.intuit.karate - response time in milliseconds: 700
1 < 200
1 < Date: Tue, 06 Aug 2024 14:04:55 GMT
1 < Content-Type: application/json; charset=utf-8
1 < Content-Length: 130
1 < Connection: keep-alive
1 < x-powered-by: Express
1 < etag: W/"82-dKEYek9Gf+Rt5INM7zlwqQLV/ZY"
{"id":6,"name":"Viscount Who Loved Me","author":"Julia Quinn","type":"fiction","price":15.6,"current-stock":1021,"available":true}

19:35:21.418 [main] INFO  com.intuit.karate - [print] {
  "id": 6,
  "name": "Viscount Who Loved Me",
  "author": "Julia Quinn",
  "type": "fiction",
  "price": 15.6,
  "current-stock": 1021,
  "available": true
}
 
19:35:21.427 [main] INFO  com.intuit.karate - karate.env system property was: null 
19:35:21.430 [main] DEBUG com.intuit.karate - request:
1 > GET https://simple-books-api.glitch.me/books/6
1 > Accept: application/json
1 > Host: simple-books-api.glitch.me
1 > Connection: Keep-Alive
1 > User-Agent: Apache-HttpClient/4.5.14 (Java/17.0.11)
1 > Accept-Encoding: gzip,deflate


19:35:22.117 [main] DEBUG com.intuit.karate - response time in milliseconds: 686
1 < 200
1 < Date: Tue, 06 Aug 2024 14:04:56 GMT
1 < Content-Type: application/json; charset=utf-8
1 < Content-Length: 130
1 < Connection: keep-alive
1 < x-powered-by: Express
1 < etag: W/"82-dKEYek9Gf+Rt5INM7zlwqQLV/ZY"
{"id":6,"name":"Viscount Who Loved Me","author":"Julia Quinn","type":"fiction","price":15.6,"current-stock":1021,"available":true}

19:35:22.120 [main] INFO  com.intuit.karate - [print] {
  "id": 6,
  "name": "Viscount Who Loved Me",
  "author": "Julia Quinn",
  "type": "fiction",
  "price": 15.6,
  "current-stock": 1021,
  "available": true
}
 
19:35:22.126 [main] ERROR com.intuit.karate - classpath:examples/users/responseMatcher.feature:53
And match header  contains {"Content-Type":"application/json"}
match failed: CONTAINS
  $ | data types don't match (NULL:MAP)
  null
  {"Content-Type":"application/json"}


classpath:examples/users/responseMatcher.feature:53
19:35:57.245 [main] DEBUG com.intuit.karate.Suite - [config] classpath:karate-config.js
19:35:59.466 [main] INFO  com.intuit.karate - karate.env system property was: null 
19:36:00.002 [main] DEBUG com.intuit.karate - request:
1 > GET https://simple-books-api.glitch.me/books/6
1 > Accept: application/json
1 > Host: simple-books-api.glitch.me
1 > Connection: Keep-Alive
1 > User-Agent: Apache-HttpClient/4.5.14 (Java/17.0.11)
1 > Accept-Encoding: gzip,deflate


19:36:01.164 [main] DEBUG com.intuit.karate - response time in milliseconds: 1154
1 < 200
1 < Date: Tue, 06 Aug 2024 14:05:35 GMT
1 < Content-Type: application/json; charset=utf-8
1 < Content-Length: 130
1 < Connection: keep-alive
1 < x-powered-by: Express
1 < etag: W/"82-dKEYek9Gf+Rt5INM7zlwqQLV/ZY"
{"id":6,"name":"Viscount Who Loved Me","author":"Julia Quinn","type":"fiction","price":15.6,"current-stock":1021,"available":true}

19:36:01.220 [main] INFO  com.intuit.karate - [print] {
  "id": 6,
  "name": "Viscount Who Loved Me",
  "author": "Julia Quinn",
  "type": "fiction",
  "price": 15.6,
  "current-stock": 1021,
  "available": true
}
 
19:36:01.299 [main] INFO  com.intuit.karate - karate.env system property was: null 
19:36:01.306 [main] DEBUG com.intuit.karate - request:
1 > GET https://simple-books-api.glitch.me/books/6
1 > Accept: application/json
1 > Host: simple-books-api.glitch.me
1 > Connection: Keep-Alive
1 > User-Agent: Apache-HttpClient/4.5.14 (Java/17.0.11)
1 > Accept-Encoding: gzip,deflate


19:36:01.987 [main] DEBUG com.intuit.karate - response time in milliseconds: 679
1 < 200
1 < Date: Tue, 06 Aug 2024 14:05:36 GMT
1 < Content-Type: application/json; charset=utf-8
1 < Content-Length: 130
1 < Connection: keep-alive
1 < x-powered-by: Express
1 < etag: W/"82-dKEYek9Gf+Rt5INM7zlwqQLV/ZY"
{"id":6,"name":"Viscount Who Loved Me","author":"Julia Quinn","type":"fiction","price":15.6,"current-stock":1021,"available":true}

19:36:01.989 [main] INFO  com.intuit.karate - [print] {
  "id": 6,
  "name": "Viscount Who Loved Me",
  "author": "Julia Quinn",
  "type": "fiction",
  "price": 15.6,
  "current-stock": 1021,
  "available": true
}
 
19:36:02.003 [main] INFO  com.intuit.karate - karate.env system property was: null 
19:36:02.013 [main] DEBUG com.intuit.karate - request:
1 > GET https://simple-books-api.glitch.me/books/6
1 > Accept: application/json
1 > Host: simple-books-api.glitch.me
1 > Connection: Keep-Alive
1 > User-Agent: Apache-HttpClient/4.5.14 (Java/17.0.11)
1 > Accept-Encoding: gzip,deflate


19:36:02.730 [main] DEBUG com.intuit.karate - response time in milliseconds: 716
1 < 200
1 < Date: Tue, 06 Aug 2024 14:05:37 GMT
1 < Content-Type: application/json; charset=utf-8
1 < Content-Length: 130
1 < Connection: keep-alive
1 < x-powered-by: Express
1 < etag: W/"82-dKEYek9Gf+Rt5INM7zlwqQLV/ZY"
{"id":6,"name":"Viscount Who Loved Me","author":"Julia Quinn","type":"fiction","price":15.6,"current-stock":1021,"available":true}

19:36:02.732 [main] INFO  com.intuit.karate - [print] {
  "id": 6,
  "name": "Viscount Who Loved Me",
  "author": "Julia Quinn",
  "type": "fiction",
  "price": 15.6,
  "current-stock": 1021,
  "available": true
}
 
19:36:02.737 [main] ERROR com.intuit.karate - classpath:examples/users/responseMatcher.feature:53
And match header  contains {Content-Type:"application/json"}
match failed: CONTAINS
  $ | data types don't match (NULL:MAP)
  null
  {"Content-Type":"application/json"}


classpath:examples/users/responseMatcher.feature:53
19:37:04.188 [main] DEBUG com.intuit.karate.Suite - [config] classpath:karate-config.js
19:37:05.512 [main] INFO  com.intuit.karate - karate.env system property was: null 
19:37:05.830 [main] DEBUG com.intuit.karate - request:
1 > GET https://simple-books-api.glitch.me/books/6
1 > Accept: application/json
1 > Host: simple-books-api.glitch.me
1 > Connection: Keep-Alive
1 > User-Agent: Apache-HttpClient/4.5.14 (Java/17.0.11)
1 > Accept-Encoding: gzip,deflate


19:37:06.919 [main] DEBUG com.intuit.karate - response time in milliseconds: 1084
1 < 200
1 < Date: Tue, 06 Aug 2024 14:06:41 GMT
1 < Content-Type: application/json; charset=utf-8
1 < Content-Length: 130
1 < Connection: keep-alive
1 < x-powered-by: Express
1 < etag: W/"82-dKEYek9Gf+Rt5INM7zlwqQLV/ZY"
{"id":6,"name":"Viscount Who Loved Me","author":"Julia Quinn","type":"fiction","price":15.6,"current-stock":1021,"available":true}

19:37:06.961 [main] INFO  com.intuit.karate - [print] {
  "id": 6,
  "name": "Viscount Who Loved Me",
  "author": "Julia Quinn",
  "type": "fiction",
  "price": 15.6,
  "current-stock": 1021,
  "available": true
}
 
19:37:07.007 [main] INFO  com.intuit.karate - karate.env system property was: null 
19:37:07.014 [main] DEBUG com.intuit.karate - request:
1 > GET https://simple-books-api.glitch.me/books/6
1 > Accept: application/json
1 > Host: simple-books-api.glitch.me
1 > Connection: Keep-Alive
1 > User-Agent: Apache-HttpClient/4.5.14 (Java/17.0.11)
1 > Accept-Encoding: gzip,deflate


19:37:07.692 [main] DEBUG com.intuit.karate - response time in milliseconds: 677
1 < 200
1 < Date: Tue, 06 Aug 2024 14:06:42 GMT
1 < Content-Type: application/json; charset=utf-8
1 < Content-Length: 130
1 < Connection: keep-alive
1 < x-powered-by: Express
1 < etag: W/"82-dKEYek9Gf+Rt5INM7zlwqQLV/ZY"
{"id":6,"name":"Viscount Who Loved Me","author":"Julia Quinn","type":"fiction","price":15.6,"current-stock":1021,"available":true}

19:37:07.697 [main] INFO  com.intuit.karate - [print] {
  "id": 6,
  "name": "Viscount Who Loved Me",
  "author": "Julia Quinn",
  "type": "fiction",
  "price": 15.6,
  "current-stock": 1021,
  "available": true
}
 
19:37:07.708 [main] INFO  com.intuit.karate - karate.env system property was: null 
19:37:07.712 [main] DEBUG com.intuit.karate - request:
1 > GET https://simple-books-api.glitch.me/books/6
1 > Accept: application/json
1 > Host: simple-books-api.glitch.me
1 > Connection: Keep-Alive
1 > User-Agent: Apache-HttpClient/4.5.14 (Java/17.0.11)
1 > Accept-Encoding: gzip,deflate


19:37:08.410 [main] DEBUG com.intuit.karate - response time in milliseconds: 697
1 < 200
1 < Date: Tue, 06 Aug 2024 14:06:42 GMT
1 < Content-Type: application/json; charset=utf-8
1 < Content-Length: 130
1 < Connection: keep-alive
1 < x-powered-by: Express
1 < etag: W/"82-dKEYek9Gf+Rt5INM7zlwqQLV/ZY"
{"id":6,"name":"Viscount Who Loved Me","author":"Julia Quinn","type":"fiction","price":15.6,"current-stock":1021,"available":true}

19:37:08.412 [main] INFO  com.intuit.karate - [print] {
  "id": 6,
  "name": "Viscount Who Loved Me",
  "author": "Julia Quinn",
  "type": "fiction",
  "price": 15.6,
  "current-stock": 1021,
  "available": true
}
 
19:37:08.420 [main] ERROR com.intuit.karate - classpath:examples/users/responseMatcher.feature:53
And match header Content-Length == 130
match failed: EQUALS
  $ | data types don't match (STRING:NUMBER)
  '130'
  130

classpath:examples/users/responseMatcher.feature:53
19:37:30.783 [main] DEBUG com.intuit.karate.Suite - [config] classpath:karate-config.js
19:37:32.144 [main] INFO  com.intuit.karate - karate.env system property was: null 
19:37:32.472 [main] DEBUG com.intuit.karate - request:
1 > GET https://simple-books-api.glitch.me/books/6
1 > Accept: application/json
1 > Host: simple-books-api.glitch.me
1 > Connection: Keep-Alive
1 > User-Agent: Apache-HttpClient/4.5.14 (Java/17.0.11)
1 > Accept-Encoding: gzip,deflate


19:37:33.548 [main] DEBUG com.intuit.karate - response time in milliseconds: 1071
1 < 200
1 < Date: Tue, 06 Aug 2024 14:07:08 GMT
1 < Content-Type: application/json; charset=utf-8
1 < Content-Length: 130
1 < Connection: keep-alive
1 < x-powered-by: Express
1 < etag: W/"82-dKEYek9Gf+Rt5INM7zlwqQLV/ZY"
{"id":6,"name":"Viscount Who Loved Me","author":"Julia Quinn","type":"fiction","price":15.6,"current-stock":1021,"available":true}

19:37:33.586 [main] INFO  com.intuit.karate - [print] {
  "id": 6,
  "name": "Viscount Who Loved Me",
  "author": "Julia Quinn",
  "type": "fiction",
  "price": 15.6,
  "current-stock": 1021,
  "available": true
}
 
19:37:33.634 [main] INFO  com.intuit.karate - karate.env system property was: null 
19:37:33.638 [main] DEBUG com.intuit.karate - request:
1 > GET https://simple-books-api.glitch.me/books/6
1 > Accept: application/json
1 > Host: simple-books-api.glitch.me
1 > Connection: Keep-Alive
1 > User-Agent: Apache-HttpClient/4.5.14 (Java/17.0.11)
1 > Accept-Encoding: gzip,deflate


19:37:34.336 [main] DEBUG com.intuit.karate - response time in milliseconds: 697
1 < 200
1 < Date: Tue, 06 Aug 2024 14:07:08 GMT
1 < Content-Type: application/json; charset=utf-8
1 < Content-Length: 130
1 < Connection: keep-alive
1 < x-powered-by: Express
1 < etag: W/"82-dKEYek9Gf+Rt5INM7zlwqQLV/ZY"
{"id":6,"name":"Viscount Who Loved Me","author":"Julia Quinn","type":"fiction","price":15.6,"current-stock":1021,"available":true}

19:37:34.339 [main] INFO  com.intuit.karate - [print] {
  "id": 6,
  "name": "Viscount Who Loved Me",
  "author": "Julia Quinn",
  "type": "fiction",
  "price": 15.6,
  "current-stock": 1021,
  "available": true
}
 
19:37:34.348 [main] INFO  com.intuit.karate - karate.env system property was: null 
19:37:34.352 [main] DEBUG com.intuit.karate - request:
1 > GET https://simple-books-api.glitch.me/books/6
1 > Accept: application/json
1 > Host: simple-books-api.glitch.me
1 > Connection: Keep-Alive
1 > User-Agent: Apache-HttpClient/4.5.14 (Java/17.0.11)
1 > Accept-Encoding: gzip,deflate


19:37:35.078 [main] DEBUG com.intuit.karate - response time in milliseconds: 725
1 < 200
1 < Date: Tue, 06 Aug 2024 14:07:09 GMT
1 < Content-Type: application/json; charset=utf-8
1 < Content-Length: 130
1 < Connection: keep-alive
1 < x-powered-by: Express
1 < etag: W/"82-dKEYek9Gf+Rt5INM7zlwqQLV/ZY"
{"id":6,"name":"Viscount Who Loved Me","author":"Julia Quinn","type":"fiction","price":15.6,"current-stock":1021,"available":true}

19:37:35.080 [main] INFO  com.intuit.karate - [print] {
  "id": 6,
  "name": "Viscount Who Loved Me",
  "author": "Julia Quinn",
  "type": "fiction",
  "price": 15.6,
  "current-stock": 1021,
  "available": true
}
 
19:40:16.271 [main] DEBUG com.intuit.karate.Suite - [config] classpath:karate-config.js
19:40:17.653 [main] INFO  com.intuit.karate - karate.env system property was: null 
19:40:17.981 [main] DEBUG com.intuit.karate - request:
1 > GET https://simple-books-api.glitch.me/books/6
1 > Accept: application/json
1 > Host: simple-books-api.glitch.me
1 > Connection: Keep-Alive
1 > User-Agent: Apache-HttpClient/4.5.14 (Java/17.0.11)
1 > Accept-Encoding: gzip,deflate


19:40:19.098 [main] DEBUG com.intuit.karate - response time in milliseconds: 1111
1 < 200
1 < Date: Tue, 06 Aug 2024 14:09:53 GMT
1 < Content-Type: application/json; charset=utf-8
1 < Content-Length: 130
1 < Connection: keep-alive
1 < x-powered-by: Express
1 < etag: W/"82-dKEYek9Gf+Rt5INM7zlwqQLV/ZY"
{"id":6,"name":"Viscount Who Loved Me","author":"Julia Quinn","type":"fiction","price":15.6,"current-stock":1021,"available":true}

19:40:19.140 [main] INFO  com.intuit.karate - [print] {
  "id": 6,
  "name": "Viscount Who Loved Me",
  "author": "Julia Quinn",
  "type": "fiction",
  "price": 15.6,
  "current-stock": 1021,
  "available": true
}
 
19:40:19.199 [main] INFO  com.intuit.karate - karate.env system property was: null 
19:40:19.204 [main] DEBUG com.intuit.karate - request:
1 > GET https://simple-books-api.glitch.me/books/6
1 > Accept: application/json
1 > Host: simple-books-api.glitch.me
1 > Connection: Keep-Alive
1 > User-Agent: Apache-HttpClient/4.5.14 (Java/17.0.11)
1 > Accept-Encoding: gzip,deflate


19:40:19.888 [main] DEBUG com.intuit.karate - response time in milliseconds: 684
1 < 200
1 < Date: Tue, 06 Aug 2024 14:09:54 GMT
1 < Content-Type: application/json; charset=utf-8
1 < Content-Length: 130
1 < Connection: keep-alive
1 < x-powered-by: Express
1 < etag: W/"82-dKEYek9Gf+Rt5INM7zlwqQLV/ZY"
{"id":6,"name":"Viscount Who Loved Me","author":"Julia Quinn","type":"fiction","price":15.6,"current-stock":1021,"available":true}

19:40:19.891 [main] INFO  com.intuit.karate - [print] {
  "id": 6,
  "name": "Viscount Who Loved Me",
  "author": "Julia Quinn",
  "type": "fiction",
  "price": 15.6,
  "current-stock": 1021,
  "available": true
}
 
19:40:19.901 [main] INFO  com.intuit.karate - karate.env system property was: null 
19:40:19.905 [main] DEBUG com.intuit.karate - request:
1 > GET https://simple-books-api.glitch.me/books/6
1 > Accept: application/json
1 > Host: simple-books-api.glitch.me
1 > Connection: Keep-Alive
1 > User-Agent: Apache-HttpClient/4.5.14 (Java/17.0.11)
1 > Accept-Encoding: gzip,deflate


19:40:20.602 [main] DEBUG com.intuit.karate - response time in milliseconds: 696
1 < 200
1 < Date: Tue, 06 Aug 2024 14:09:55 GMT
1 < Content-Type: application/json; charset=utf-8
1 < Content-Length: 130
1 < Connection: keep-alive
1 < x-powered-by: Express
1 < etag: W/"82-dKEYek9Gf+Rt5INM7zlwqQLV/ZY"
{"id":6,"name":"Viscount Who Loved Me","author":"Julia Quinn","type":"fiction","price":15.6,"current-stock":1021,"available":true}

19:40:20.605 [main] INFO  com.intuit.karate - [print] {
  "id": 6,
  "name": "Viscount Who Loved Me",
  "author": "Julia Quinn",
  "type": "fiction",
  "price": 15.6,
  "current-stock": 1021,
  "available": true
}
 
10:32:25.648 [main] DEBUG com.intuit.karate.Suite - [config] classpath:karate-config.js
10:32:27.534 [main] INFO  com.intuit.karate - karate.env system property was: null 
10:32:27.974 [main] DEBUG com.intuit.karate - request:
1 > GET https://simple-books-api.glitch.me/books/6
1 > Accept: application/json
1 > Host: simple-books-api.glitch.me
1 > Connection: Keep-Alive
1 > User-Agent: Apache-HttpClient/4.5.14 (Java/17.0.11)
1 > Accept-Encoding: gzip,deflate


10:32:30.054 [main] DEBUG com.intuit.karate - response time in milliseconds: 2025
1 < 200
1 < Date: Wed, 07 Aug 2024 05:02:02 GMT
1 < Content-Type: application/json; charset=utf-8
1 < Content-Length: 130
1 < Connection: keep-alive
1 < x-powered-by: Express
1 < etag: W/"82-dKEYek9Gf+Rt5INM7zlwqQLV/ZY"
{"id":6,"name":"Viscount Who Loved Me","author":"Julia Quinn","type":"fiction","price":15.6,"current-stock":1021,"available":true}

10:32:30.110 [main] INFO  com.intuit.karate - [print] {
  "id": 6,
  "name": "Viscount Who Loved Me",
  "author": "Julia Quinn",
  "type": "fiction",
  "price": 15.6,
  "current-stock": 1021,
  "available": true
}
 
10:32:30.173 [main] INFO  com.intuit.karate - karate.env system property was: null 
10:32:30.180 [main] DEBUG com.intuit.karate - request:
1 > GET https://simple-books-api.glitch.me/books/6
1 > Accept: application/json
1 > Host: simple-books-api.glitch.me
1 > Connection: Keep-Alive
1 > User-Agent: Apache-HttpClient/4.5.14 (Java/17.0.11)
1 > Accept-Encoding: gzip,deflate


10:32:30.880 [main] DEBUG com.intuit.karate - response time in milliseconds: 697
1 < 200
1 < Date: Wed, 07 Aug 2024 05:02:02 GMT
1 < Content-Type: application/json; charset=utf-8
1 < Content-Length: 130
1 < Connection: keep-alive
1 < x-powered-by: Express
1 < etag: W/"82-dKEYek9Gf+Rt5INM7zlwqQLV/ZY"
{"id":6,"name":"Viscount Who Loved Me","author":"Julia Quinn","type":"fiction","price":15.6,"current-stock":1021,"available":true}

10:32:30.883 [main] INFO  com.intuit.karate - [print] {
  "id": 6,
  "name": "Viscount Who Loved Me",
  "author": "Julia Quinn",
  "type": "fiction",
  "price": 15.6,
  "current-stock": 1021,
  "available": true
}
 
10:32:30.896 [main] INFO  com.intuit.karate - karate.env system property was: null 
10:32:30.902 [main] DEBUG com.intuit.karate - request:
1 > GET https://simple-books-api.glitch.me/books/6
1 > Accept: application/json
1 > Host: simple-books-api.glitch.me
1 > Connection: Keep-Alive
1 > User-Agent: Apache-HttpClient/4.5.14 (Java/17.0.11)
1 > Accept-Encoding: gzip,deflate


10:32:31.624 [main] DEBUG com.intuit.karate - response time in milliseconds: 721
1 < 200
1 < Date: Wed, 07 Aug 2024 05:02:03 GMT
1 < Content-Type: application/json; charset=utf-8
1 < Content-Length: 130
1 < Connection: keep-alive
1 < x-powered-by: Express
1 < etag: W/"82-dKEYek9Gf+Rt5INM7zlwqQLV/ZY"
{"id":6,"name":"Viscount Who Loved Me","author":"Julia Quinn","type":"fiction","price":15.6,"current-stock":1021,"available":true}

10:32:31.628 [main] INFO  com.intuit.karate - [print] {
  "id": 6,
  "name": "Viscount Who Loved Me",
  "author": "Julia Quinn",
  "type": "fiction",
  "price": 15.6,
  "current-stock": 1021,
  "available": true
}
 
10:34:17.592 [main] DEBUG com.intuit.karate.Suite - [config] classpath:karate-config.js
10:34:19.263 [main] INFO  com.intuit.karate - karate.env system property was: null 
10:34:19.718 [main] DEBUG com.intuit.karate - request:
1 > GET https://simple-books-api.glitch.me/books/6
1 > Accept: application/json
1 > Host: simple-books-api.glitch.me
1 > Connection: Keep-Alive
1 > User-Agent: Apache-HttpClient/4.5.14 (Java/17.0.11)
1 > Accept-Encoding: gzip,deflate


10:34:20.837 [main] DEBUG com.intuit.karate - response time in milliseconds: 1112
1 < 200
1 < Date: Wed, 07 Aug 2024 05:03:52 GMT
1 < Content-Type: application/json; charset=utf-8
1 < Content-Length: 130
1 < Connection: keep-alive
1 < x-powered-by: Express
1 < etag: W/"82-dKEYek9Gf+Rt5INM7zlwqQLV/ZY"
{"id":6,"name":"Viscount Who Loved Me","author":"Julia Quinn","type":"fiction","price":15.6,"current-stock":1021,"available":true}

10:34:20.884 [main] INFO  com.intuit.karate - [print] {
  "id": 6,
  "name": "Viscount Who Loved Me",
  "author": "Julia Quinn",
  "type": "fiction",
  "price": 15.6,
  "current-stock": 1021,
  "available": true
}
 
10:34:20.930 [main] ERROR com.intuit.karate - classpath:examples/users/fuzzyMatcher.feature:13
And match response[0].name == "Viscount Who Loved Me"
match failed: EQUALS
  $ | actual path does not exist (STRING:STRING)
  '#notpresent'
  'Viscount Who Loved Me'

classpath:examples/users/fuzzyMatcher.feature:13
10:40:11.130 [main] DEBUG com.intuit.karate.Suite - [config] classpath:karate-config.js
10:40:12.893 [main] INFO  com.intuit.karate - karate.env system property was: null 
10:40:13.338 [main] DEBUG com.intuit.karate - request:
1 > GET https://simple-books-api.glitch.me/books/6
1 > Accept: application/json
1 > Host: simple-books-api.glitch.me
1 > Connection: Keep-Alive
1 > User-Agent: Apache-HttpClient/4.5.14 (Java/17.0.11)
1 > Accept-Encoding: gzip,deflate


10:40:14.529 [main] DEBUG com.intuit.karate - response time in milliseconds: 1172
1 < 200
1 < Date: Wed, 07 Aug 2024 05:09:46 GMT
1 < Content-Type: application/json; charset=utf-8
1 < Content-Length: 130
1 < Connection: keep-alive
1 < x-powered-by: Express
1 < etag: W/"82-dKEYek9Gf+Rt5INM7zlwqQLV/ZY"
{"id":6,"name":"Viscount Who Loved Me","author":"Julia Quinn","type":"fiction","price":15.6,"current-stock":1021,"available":true}

10:40:14.582 [main] INFO  com.intuit.karate - [print] {
  "id": 6,
  "name": "Viscount Who Loved Me",
  "author": "Julia Quinn",
  "type": "fiction",
  "price": 15.6,
  "current-stock": 1021,
  "available": true
}
 
10:41:01.996 [main] DEBUG com.intuit.karate.Suite - [config] classpath:karate-config.js
10:41:03.585 [main] INFO  com.intuit.karate - karate.env system property was: null 
10:41:03.932 [main] DEBUG com.intuit.karate - request:
1 > GET https://simple-books-api.glitch.me/books/6
1 > Accept: application/json
1 > Host: simple-books-api.glitch.me
1 > Connection: Keep-Alive
1 > User-Agent: Apache-HttpClient/4.5.14 (Java/17.0.11)
1 > Accept-Encoding: gzip,deflate


10:41:05.121 [main] DEBUG com.intuit.karate - response time in milliseconds: 1185
1 < 200
1 < Date: Wed, 07 Aug 2024 05:10:37 GMT
1 < Content-Type: application/json; charset=utf-8
1 < Content-Length: 130
1 < Connection: keep-alive
1 < x-powered-by: Express
1 < etag: W/"82-dKEYek9Gf+Rt5INM7zlwqQLV/ZY"
{"id":6,"name":"Viscount Who Loved Me","author":"Julia Quinn","type":"fiction","price":15.6,"current-stock":1021,"available":true}

10:41:05.171 [main] INFO  com.intuit.karate - [print] {
  "id": 6,
  "name": "Viscount Who Loved Me",
  "author": "Julia Quinn",
  "type": "fiction",
  "price": 15.6,
  "current-stock": 1021,
  "available": true
}
 
10:41:05.225 [main] INFO  com.intuit.karate - karate.env system property was: null 
10:41:05.234 [main] DEBUG com.intuit.karate - request:
1 > GET https://simple-books-api.glitch.me/books/6
1 > Accept: application/json
1 > Host: simple-books-api.glitch.me
1 > Connection: Keep-Alive
1 > User-Agent: Apache-HttpClient/4.5.14 (Java/17.0.11)
1 > Accept-Encoding: gzip,deflate


10:41:06.018 [main] DEBUG com.intuit.karate - response time in milliseconds: 783
1 < 200
1 < Date: Wed, 07 Aug 2024 05:10:38 GMT
1 < Content-Type: application/json; charset=utf-8
1 < Content-Length: 130
1 < Connection: keep-alive
1 < x-powered-by: Express
1 < etag: W/"82-dKEYek9Gf+Rt5INM7zlwqQLV/ZY"
{"id":6,"name":"Viscount Who Loved Me","author":"Julia Quinn","type":"fiction","price":15.6,"current-stock":1021,"available":true}

10:41:06.021 [main] INFO  com.intuit.karate - [print] {
  "id": 6,
  "name": "Viscount Who Loved Me",
  "author": "Julia Quinn",
  "type": "fiction",
  "price": 15.6,
  "current-stock": 1021,
  "available": true
}
 
10:41:06.036 [main] INFO  com.intuit.karate - karate.env system property was: null 
10:41:06.043 [main] DEBUG com.intuit.karate - request:
1 > GET https://simple-books-api.glitch.me/books/6
1 > Accept: application/json
1 > Host: simple-books-api.glitch.me
1 > Connection: Keep-Alive
1 > User-Agent: Apache-HttpClient/4.5.14 (Java/17.0.11)
1 > Accept-Encoding: gzip,deflate


10:41:06.722 [main] DEBUG com.intuit.karate - response time in milliseconds: 677
1 < 200
1 < Date: Wed, 07 Aug 2024 05:10:38 GMT
1 < Content-Type: application/json; charset=utf-8
1 < Content-Length: 130
1 < Connection: keep-alive
1 < x-powered-by: Express
1 < etag: W/"82-dKEYek9Gf+Rt5INM7zlwqQLV/ZY"
{"id":6,"name":"Viscount Who Loved Me","author":"Julia Quinn","type":"fiction","price":15.6,"current-stock":1021,"available":true}

10:41:06.724 [main] INFO  com.intuit.karate - [print] {
  "id": 6,
  "name": "Viscount Who Loved Me",
  "author": "Julia Quinn",
  "type": "fiction",
  "price": 15.6,
  "current-stock": 1021,
  "available": true
}
 
10:46:48.310 [main] DEBUG com.intuit.karate.Suite - [config] classpath:karate-config.js
10:46:49.941 [main] INFO  com.intuit.karate - karate.env system property was: null 
10:46:50.356 [main] DEBUG com.intuit.karate - request:
1 > GET https://simple-books-api.glitch.me/books/6
1 > Accept: application/json
1 > Host: simple-books-api.glitch.me
1 > Connection: Keep-Alive
1 > User-Agent: Apache-HttpClient/4.5.14 (Java/17.0.11)
1 > Accept-Encoding: gzip,deflate


10:46:51.467 [main] DEBUG com.intuit.karate - response time in milliseconds: 1107
1 < 200
1 < Date: Wed, 07 Aug 2024 05:16:23 GMT
1 < Content-Type: application/json; charset=utf-8
1 < Content-Length: 130
1 < Connection: keep-alive
1 < x-powered-by: Express
1 < etag: W/"82-dKEYek9Gf+Rt5INM7zlwqQLV/ZY"
{"id":6,"name":"Viscount Who Loved Me","author":"Julia Quinn","type":"fiction","price":15.6,"current-stock":1021,"available":true}

10:46:51.518 [main] INFO  com.intuit.karate - [print] {
  "id": 6,
  "name": "Viscount Who Loved Me",
  "author": "Julia Quinn",
  "type": "fiction",
  "price": 15.6,
  "current-stock": 1021,
  "available": true
}
 
